This is pdfTeX, Version 3.14159265-2.6-1.40.20 (MiKTeX 2.9.7250 64-bit) (preloaded format=pdflatex 2020.2.5)  6 SEP 2020 21:12
entering extended mode
**./Thesis.tex
(Thesis.tex
LaTeX2e <2019-10-01> patch level 3
(isasthesis.cls
Document Class: isasthesis 2012/03/24 The ISAS Thesis Class
("C:\Users\julie\AppData\Local\Programs\MiKTeX 2.9\tex/latex/base\ifthen.sty"
Package: ifthen 2014/09/29 v1.1c Standard LaTeX ifthen package (DPC)
)
("C:\Users\julie\AppData\Local\Programs\MiKTeX 2.9\tex/generic/iftex\ifpdf.sty"
Package: ifpdf 2019/10/25 v3.4 ifpdf legacy package. Use iftex instead.
("C:\Users\julie\AppData\Local\Programs\MiKTeX 2.9\tex/generic/iftex\iftex.sty"
Package: iftex 2019/11/07 v1.0c TeX engine tests
))
("C:\Users\julie\AppData\Local\Programs\MiKTeX 2.9\tex/latex/koma-script\scrrep
rt.cls"
Document Class: scrreprt 2020/01/24 v3.29 KOMA-Script document class (report)

("C:\Users\julie\AppData\Local\Programs\MiKTeX 2.9\tex/latex/koma-script\scrkba
se.sty"
Package: scrkbase 2020/01/24 v3.29 KOMA-Script package (KOMA-Script-dependent b
asics and keyval usage)

("C:\Users\julie\AppData\Local\Programs\MiKTeX 2.9\tex/latex/koma-script\scrbas
e.sty"
Package: scrbase 2020/01/24 v3.29 KOMA-Script package (KOMA-Script-independent 
basics and keyval usage)

("C:\Users\julie\AppData\Local\Programs\MiKTeX 2.9\tex/latex/graphics\keyval.st
y"
Package: keyval 2014/10/28 v1.15 key=value parser (DPC)
\KV@toks@=\toks14
)
("C:\Users\julie\AppData\Local\Programs\MiKTeX 2.9\tex/latex/koma-script\scrlfi
le.sty"
Package: scrlfile 2020/01/24 v3.29 KOMA-Script package (loading files)
)))
("C:\Users\julie\AppData\Local\Programs\MiKTeX 2.9\tex/latex/koma-script\tocbas
ic.sty"
Package: tocbasic 2020/01/24 v3.29 KOMA-Script package (handling toc-files)
\scr@dte@tocline@numberwidth=\skip41
\scr@dte@tocline@numbox=\box27
)
Package tocbasic Info: omitting babel extension for `toc'
(tocbasic)             because of feature `nobabel' available
(tocbasic)             for `toc' on input line 137.
Class scrreprt Info: You've used standard option `openright'.
(scrreprt)           This is correct!
(scrreprt)           Internally I'm using `open=right'.
(scrreprt)           If you'd like to set the option with \KOMAoptions,
(scrreprt)           you'd have to use `open=right' there
(scrreprt)           instead of `openright', too.
Class scrreprt Info: File `scrsize11pt.clo' used instead of
(scrreprt)           file `scrsize11.clo' to setup font sizes on input line 242
1.

("C:\Users\julie\AppData\Local\Programs\MiKTeX 2.9\tex/latex/koma-script\scrsiz
e11pt.clo"
File: scrsize11pt.clo 2020/01/24 v3.29 KOMA-Script font size class option (11pt
)
)
("C:\Users\julie\AppData\Local\Programs\MiKTeX 2.9\tex/latex/koma-script\typear
ea.sty"
Package: typearea 2020/01/24 v3.29 KOMA-Script package (type area)
\ta@bcor=\skip42
\ta@div=\count80
\ta@hblk=\skip43
\ta@vblk=\skip44
\ta@temp=\skip45
\footheight=\skip46
Package typearea Info: These are the values describing the layout:
(typearea)             DIV  = 10
(typearea)             BCOR = 0.0pt
(typearea)             \paperwidth      = 597.50793pt
(typearea)              \textwidth      = 418.25555pt
(typearea)              DIV departure   = -6%
(typearea)              \evensidemargin = 47.2316pt
(typearea)              \oddsidemargin  = -12.5192pt
(typearea)             \paperheight     = 845.04694pt
(typearea)              \textheight     = 595.80026pt
(typearea)              \topmargin      = -25.16531pt
(typearea)              \headheight     = 17.0pt
(typearea)              \headsep        = 20.40001pt
(typearea)              \topskip        = 11.0pt
(typearea)              \footskip       = 47.6pt
(typearea)              \baselineskip   = 13.6pt
(typearea)              on input line 1719.
)
\c@part=\count81
\c@chapter=\count82
\c@section=\count83
\c@subsection=\count84
\c@subsubsection=\count85
\c@paragraph=\count86
\c@subparagraph=\count87
\scr@dte@chapter@maxnumwidth=\skip47
Class scrreprt Info: using compatibility default `afterindent=bysign'
(scrreprt)           for `\chapter on input line 5547.
\scr@dte@section@maxnumwidth=\skip48
Class scrreprt Info: using compatibility default `runin=bysign'
(scrreprt)           for `\section on input line 5557.
Class scrreprt Info: using compatibility default `afterindent=bysign'
(scrreprt)           for `\section on input line 5557.
\scr@dte@part@maxnumwidth=\skip49
Class scrreprt Info: using compatibility default `afterindent=true'
(scrreprt)           for `\part on input line 5566.
\scr@dte@subsection@maxnumwidth=\skip50
Class scrreprt Info: using compatibility default `runin=bysign'
(scrreprt)           for `\subsection on input line 5576.
Class scrreprt Info: using compatibility default `afterindent=bysign'
(scrreprt)           for `\subsection on input line 5576.
\scr@dte@subsubsection@maxnumwidth=\skip51
Class scrreprt Info: using compatibility default `runin=bysign'
(scrreprt)           for `\subsubsection on input line 5586.
Class scrreprt Info: using compatibility default `afterindent=bysign'
(scrreprt)           for `\subsubsection on input line 5586.
\scr@dte@paragraph@maxnumwidth=\skip52
Class scrreprt Info: using compatibility default `runin=bysign'
(scrreprt)           for `\paragraph on input line 5596.
Class scrreprt Info: using compatibility default `afterindent=bysign'
(scrreprt)           for `\paragraph on input line 5596.
\scr@dte@subparagraph@maxnumwidth=\skip53
Class scrreprt Info: using compatibility default `runin=bysign'
(scrreprt)           for `\subparagraph on input line 5606.
Class scrreprt Info: using compatibility default `afterindent=bysign'
(scrreprt)           for `\subparagraph on input line 5606.
\abovecaptionskip=\skip54
\belowcaptionskip=\skip55
\c@pti@nb@sid@b@x=\box28
Package tocbasic Info: omitting babel extension for `lof'
(tocbasic)             because of feature `nobabel' available
(tocbasic)             for `lof' on input line 6842.
\scr@dte@figure@maxnumwidth=\skip56
\c@figure=\count88
Package tocbasic Info: omitting babel extension for `lot'
(tocbasic)             because of feature `nobabel' available
(tocbasic)             for `lot' on input line 6859.
\scr@dte@table@maxnumwidth=\skip57
\c@table=\count89
Class scrreprt Info: Redefining `\numberline' on input line 7028.
\bibindent=\dimen102
) (isastextmacros.sty
Package: isastextmacros 2012/03/24 The ISAS Text Macros

("C:\Users\julie\AppData\Local\Programs\MiKTeX 2.9\tex/latex/caption\caption.st
y"
Package: caption 2020/05/30 v3.4k Customizing captions (AR)

("C:\Users\julie\AppData\Local\Programs\MiKTeX 2.9\tex/latex/caption\caption3.s
ty"
Package: caption3 2020/05/30 v1.12 caption3 kernel (AR)
Package caption3 Info: TeX engine: e-TeX on input line 61.
\captionmargin=\dimen103
\captionmargin@=\dimen104
\captionwidth=\dimen105
\caption@tempdima=\dimen106
\caption@indent=\dimen107
\caption@parindent=\dimen108
\caption@hangindent=\dimen109
Package caption Info: KOMA-Script document class detected.
)
Package caption Info: KOMA-Script document class.
\c@caption@flags=\count90
\c@continuedfloat=\count91
)
("C:\Users\julie\AppData\Local\Programs\MiKTeX 2.9\tex/latex/caption\subcaption
.sty"
Package: subcaption 2020/01/22 v1.3d Sub-captions (AR)
\c@subfigure=\count92
\c@subtable=\count93
)
("C:\Users\julie\AppData\Local\Programs\MiKTeX 2.9\tex/latex/fncylab\fncylab.st
y"

Package fncylab Warning: fncylab is not required with releases after 2019.
(fncylab)                All its functionality is now in the LaTeX kernel.

)
("C:\Users\julie\AppData\Local\Programs\MiKTeX 2.9\tex/latex/tools\varioref.sty
"
Package: varioref 2019/11/05 v1.6c package for extended references (FMi)
\c@vrcnt=\count94
)
("C:\Users\julie\AppData\Local\Programs\MiKTeX 2.9\tex/latex/tools\theorem.sty"
Package: theorem 2014/10/28 v2.2c Theorem extension package (FMi)
\theorem@style=\toks15
\theorem@bodyfont=\toks16
\theorempreskipamount=\skip58
\theorempostskipamount=\skip59
("C:\Users\julie\AppData\Local\Programs\MiKTeX 2.9\tex/latex/tools\thp.sty"
File: thp.sty 2014/10/28 v2.2c Theorem extension package (FMi)
))
("C:\Users\julie\AppData\Local\Programs\MiKTeX 2.9\tex/latex/tools\tabularx.sty
"
Package: tabularx 2016/02/03 v2.11b `tabularx' package (DPC)
 ("C:\Users\julie\AppData\Local\Programs\MiKTeX 2.9\tex/latex/tools\array.sty"
Package: array 2019/08/31 v2.4l Tabular extension package (FMi)
\col@sep=\dimen110
\ar@mcellbox=\box29
\extrarowheight=\dimen111
\NC@list=\toks17
\extratabsurround=\skip60
\backup@length=\skip61
\ar@cellbox=\box30
)
\TX@col@width=\dimen112
\TX@old@table=\dimen113
\TX@old@col=\dimen114
\TX@target=\dimen115
\TX@delta=\dimen116
\TX@cols=\count95
\TX@ftn=\toks18
)
\c@TheoremCounter=\count96
\c@LemmaCounter=\count97
\c@Remark=\count98
\c@Definition=\count99
\c@Corollary=\count100
\c@example=\count101
\c@continueexample=\count102
\c@figuretablecounter=\count103
) (isasmathmacros.sty
Package: isasmathmacros 2012/03/24 The ISAS Math Macros

("C:\Users\julie\AppData\Local\Programs\MiKTeX 2.9\tex/latex/amsmath\amsmath.st
y"
Package: amsmath 2019/11/16 v2.17d AMS math features
\@mathmargin=\skip62

For additional information on amsmath, use the `?' option.

("C:\Users\julie\AppData\Local\Programs\MiKTeX 2.9\tex/latex/amsmath\amstext.st
y"
Package: amstext 2000/06/29 v2.01 AMS text

("C:\Users\julie\AppData\Local\Programs\MiKTeX 2.9\tex/latex/amsmath\amsgen.sty
"
File: amsgen.sty 1999/11/30 v2.0 generic functions
\@emptytoks=\toks19
\ex@=\dimen117
))
("C:\Users\julie\AppData\Local\Programs\MiKTeX 2.9\tex/latex/amsmath\amsbsy.sty
"
Package: amsbsy 1999/11/29 v1.2d Bold Symbols
\pmbraise@=\dimen118
)
("C:\Users\julie\AppData\Local\Programs\MiKTeX 2.9\tex/latex/amsmath\amsopn.sty
"
Package: amsopn 2016/03/08 v2.02 operator names
)
\inf@bad=\count104
LaTeX Info: Redefining \frac on input line 227.
\uproot@=\count105
\leftroot@=\count106
LaTeX Info: Redefining \overline on input line 389.
\classnum@=\count107
\DOTSCASE@=\count108
LaTeX Info: Redefining \ldots on input line 486.
LaTeX Info: Redefining \dots on input line 489.
LaTeX Info: Redefining \cdots on input line 610.
\Mathstrutbox@=\box31
\strutbox@=\box32
\big@size=\dimen119
LaTeX Font Info:    Redeclaring font encoding OML on input line 733.
LaTeX Font Info:    Redeclaring font encoding OMS on input line 734.
\macc@depth=\count109
\c@MaxMatrixCols=\count110
\dotsspace@=\muskip10
\c@parentequation=\count111
\dspbrk@lvl=\count112
\tag@help=\toks20
\row@=\count113
\column@=\count114
\maxfields@=\count115
\andhelp@=\toks21
\eqnshift@=\dimen120
\alignsep@=\dimen121
\tagshift@=\dimen122
\tagwidth@=\dimen123
\totwidth@=\dimen124
\lineht@=\dimen125
\@envbody=\toks22
\multlinegap=\skip63
\multlinetaggap=\skip64
\mathdisplay@stack=\toks23
LaTeX Info: Redefining \[ on input line 2858.
LaTeX Info: Redefining \] on input line 2859.
)
("C:\Users\julie\AppData\Local\Programs\MiKTeX 2.9\tex/latex/amsfonts\amssymb.s
ty"
Package: amssymb 2013/01/14 v3.01 AMS font symbols

("C:\Users\julie\AppData\Local\Programs\MiKTeX 2.9\tex/latex/amsfonts\amsfonts.
sty"
Package: amsfonts 2013/01/14 v3.01 Basic AMSFonts support
\symAMSa=\mathgroup4
\symAMSb=\mathgroup5
LaTeX Font Info:    Redeclaring math symbol \hbar on input line 98.
LaTeX Font Info:    Overwriting math alphabet `\mathfrak' in version `bold'
(Font)                  U/euf/m/n --> U/euf/b/n on input line 106.
))
("C:\Users\julie\AppData\Local\Programs\MiKTeX 2.9\tex/latex/doublestroke\dsfon
t.sty"
Package: dsfont 1995/08/01 v0.1 Double stroke roman fonts
)
("C:\Users\julie\AppData\Local\Programs\MiKTeX 2.9\tex/latex/mathtools\mathtool
s.sty"
Package: mathtools 2020/03/24 v1.24 mathematical typesetting tools

("C:\Users\julie\AppData\Local\Programs\MiKTeX 2.9\tex/latex/tools\calc.sty"
Package: calc 2017/05/25 v4.3 Infix arithmetic (KKT,FJ)
\calc@Acount=\count116
\calc@Bcount=\count117
\calc@Adimen=\dimen126
\calc@Bdimen=\dimen127
\calc@Askip=\skip65
\calc@Bskip=\skip66
LaTeX Info: Redefining \setlength on input line 80.
LaTeX Info: Redefining \addtolength on input line 81.
\calc@Ccount=\count118
\calc@Cskip=\skip67
)
("C:\Users\julie\AppData\Local\Programs\MiKTeX 2.9\tex/latex/mathtools\mhsetup.
sty"
Package: mhsetup 2017/03/31 v1.3 programming setup (MH)
)
LaTeX Info: Thecontrolsequence`\('isalreadyrobust on input line 130.
LaTeX Info: Thecontrolsequence`\)'isalreadyrobust on input line 130.
LaTeX Info: Thecontrolsequence`\['isalreadyrobust on input line 130.
LaTeX Info: Thecontrolsequence`\]'isalreadyrobust on input line 130.
\g_MT_multlinerow_int=\count119
\l_MT_multwidth_dim=\dimen128
\origjot=\skip68
\l_MT_shortvdotswithinadjustabove_dim=\dimen129
\l_MT_shortvdotswithinadjustbelow_dim=\dimen130
\l_MT_above_intertext_sep=\dimen131
\l_MT_below_intertext_sep=\dimen132
\l_MT_above_shortintertext_sep=\dimen133
\l_MT_below_shortintertext_sep=\dimen134
\xmathstrut@box=\box33
\xmathstrut@dim=\dimen135
))
("C:\Users\julie\AppData\Local\Programs\MiKTeX 2.9\tex/latex/algorithms\algorit
hm.sty"
Package: algorithm 2009/08/24 v0.1 Document Style `algorithm' - floating enviro
nment

("C:\Users\julie\AppData\Local\Programs\MiKTeX 2.9\tex/latex/float\float.sty"
Package: float 2001/11/08 v1.3d Float enhancements (AL)
\c@float@type=\count120
\float@exts=\toks24
\float@box=\box34
\@float@everytoks=\toks25
\@floatcapt=\box35
)
\@float@every@algorithm=\toks26
\c@algorithm=\count121
)
("C:\Users\julie\AppData\Local\Programs\MiKTeX 2.9\tex/latex/algorithms\algorit
hmic.sty"
Package: algorithmic 2009/08/24 v0.1 Document Style `algorithmic'
\c@ALC@unique=\count122
\c@ALC@line=\count123
\c@ALC@rem=\count124
\c@ALC@depth=\count125
\ALC@tlm=\skip69
\algorithmicindent=\skip70
)
("C:\Users\julie\AppData\Local\Programs\MiKTeX 2.9\tex/latex/graphics\graphicx.
sty"
Package: graphicx 2017/06/01 v1.1a Enhanced LaTeX Graphics (DPC,SPQR)

("C:\Users\julie\AppData\Local\Programs\MiKTeX 2.9\tex/latex/graphics\graphics.
sty"
Package: graphics 2019/11/01 v1.3d Standard LaTeX Graphics (DPC,SPQR)

("C:\Users\julie\AppData\Local\Programs\MiKTeX 2.9\tex/latex/graphics\trig.sty"
Package: trig 2016/01/03 v1.10 sin cos tan (DPC)
)
("C:\Users\julie\AppData\Local\Programs\MiKTeX 2.9\tex/latex/graphics-cfg\graph
ics.cfg"
File: graphics.cfg 2016/06/04 v1.11 sample graphics configuration
)
Package graphics Info: Driver file: pdftex.def on input line 105.

("C:\Users\julie\AppData\Local\Programs\MiKTeX 2.9\tex/latex/graphics-def\pdfte
x.def"
File: pdftex.def 2018/01/08 v1.0l Graphics/color driver for pdftex
))
\Gin@req@height=\dimen136
\Gin@req@width=\dimen137
)
("C:\Users\julie\AppData\Local\Programs\MiKTeX 2.9\tex/latex/graphics\color.sty
"
Package: color 2016/07/10 v1.1e Standard LaTeX Color (DPC)

("C:\Users\julie\AppData\Local\Programs\MiKTeX 2.9\tex/latex/graphics-cfg\color
.cfg"
File: color.cfg 2016/01/02 v1.6 sample color configuration
)
Package color Info: Driver file: pdftex.def on input line 147.
)
("C:\Users\julie\AppData\Local\Programs\MiKTeX 2.9\tex/latex/hyperref\hyperref.
sty"
Package: hyperref 2019/11/10 v7.00c Hypertext links for LaTeX

("C:\Users\julie\AppData\Local\Programs\MiKTeX 2.9\tex/generic/oberdiek\ltxcmds
.sty"
Package: ltxcmds 2016/05/16 v1.23 LaTeX kernel commands for general use (HO)
)
("C:\Users\julie\AppData\Local\Programs\MiKTeX 2.9\tex/latex/pdftexcmds\pdftexc
mds.sty"
Package: pdftexcmds 2019/11/24 v0.31 Utility functions of pdfTeX for LuaTeX (HO
)

("C:\Users\julie\AppData\Local\Programs\MiKTeX 2.9\tex/generic/oberdiek\infware
rr.sty"
Package: infwarerr 2016/05/16 v1.4 Providing info/warning/error messages (HO)
)
Package pdftexcmds Info: \pdf@primitive is available.
Package pdftexcmds Info: \pdf@ifprimitive is available.
Package pdftexcmds Info: \pdfdraftmode found.
)
("C:\Users\julie\AppData\Local\Programs\MiKTeX 2.9\tex/generic/oberdiek\kvsetke
ys.sty"
Package: kvsetkeys 2016/05/16 v1.17 Key value parser (HO)

("C:\Users\julie\AppData\Local\Programs\MiKTeX 2.9\tex/generic/oberdiek\etexcmd
s.sty"
Package: etexcmds 2016/05/16 v1.6 Avoid name clashes with e-TeX commands (HO)

("C:\Users\julie\AppData\Local\Programs\MiKTeX 2.9\tex/generic/iftex\ifluatex.s
ty"
Package: ifluatex 2019/10/25 v1.5 ifluatex legacy package. Use iftex instead.
)))
("C:\Users\julie\AppData\Local\Programs\MiKTeX 2.9\tex/generic/oberdiek\kvdefin
ekeys.sty"
Package: kvdefinekeys 2016/05/16 v1.4 Define keys (HO)
)
("C:\Users\julie\AppData\Local\Programs\MiKTeX 2.9\tex/generic/oberdiek\pdfesca
pe.sty"
Package: pdfescape 2016/05/16 v1.14 Implements pdfTeX's escape features (HO)
)
("C:\Users\julie\AppData\Local\Programs\MiKTeX 2.9\tex/latex/oberdiek\hycolor.s
ty"
Package: hycolor 2016/05/16 v1.8 Color options for hyperref/bookmark (HO)

("C:\Users\julie\AppData\Local\Programs\MiKTeX 2.9\tex/latex/oberdiek\xcolor-pa
tch.sty"
Package: xcolor-patch 2016/05/16 xcolor patch

("C:\Users\julie\AppData\Local\Programs\MiKTeX 2.9\tex/latex/oberdiek\hopatch.s
ty"
Package: hopatch 2016/05/16 v1.3 Wrapper for package hooks (HO)
)))
("C:\Users\julie\AppData\Local\Programs\MiKTeX 2.9\tex/latex/oberdiek\letltxmac
ro.sty"
Package: letltxmacro 2016/05/16 v1.5 Let assignment for LaTeX macros (HO)
)
("C:\Users\julie\AppData\Local\Programs\MiKTeX 2.9\tex/latex/oberdiek\auxhook.s
ty"
Package: auxhook 2016/05/16 v1.4 Hooks for auxiliary files (HO)
)
("C:\Users\julie\AppData\Local\Programs\MiKTeX 2.9\tex/latex/oberdiek\kvoptions
.sty"
Package: kvoptions 2016/05/16 v3.12 Key value format for package options (HO)
)
\@linkdim=\dimen138
\Hy@linkcounter=\count126
\Hy@pagecounter=\count127

("C:\Users\julie\AppData\Local\Programs\MiKTeX 2.9\tex/latex/hyperref\pd1enc.de
f"
File: pd1enc.def 2019/11/10 v7.00c Hyperref: PDFDocEncoding definition (HO)
Now handling font encoding PD1 ...
... no UTF-8 mapping file for font encoding PD1
)
("C:\Users\julie\AppData\Local\Programs\MiKTeX 2.9\tex/generic/oberdiek\intcalc
.sty"
Package: intcalc 2016/05/16 v1.2 Expandable calculations with integers (HO)
)
\Hy@SavedSpaceFactor=\count128

("C:\Users\julie\AppData\Local\Programs\MiKTeX 2.9\tex/latex/00miktex\hyperref.
cfg"
File: hyperref.cfg 2002/06/06 v1.2 hyperref configuration of TeXLive
)
Package hyperref Info: Option `bookmarks' set `true' on input line 4409.
Package hyperref Info: Option `bookmarksnumbered' set `true' on input line 4409
.
Package hyperref Info: Option `hypertexnames' set `false' on input line 4409.
Package hyperref Info: Option `colorlinks' set `false' on input line 4409.
Package hyperref Info: Hyper figures OFF on input line 4535.
Package hyperref Info: Link nesting OFF on input line 4540.
Package hyperref Info: Hyper index ON on input line 4543.
Package hyperref Info: Plain pages OFF on input line 4550.
Package hyperref Info: Backreferencing OFF on input line 4555.
Package hyperref Info: Implicit mode ON; LaTeX internals redefined.
Package hyperref Info: Bookmarks ON on input line 4788.
\c@Hy@tempcnt=\count129
 ("C:\Users\julie\AppData\Local\Programs\MiKTeX 2.9\tex/latex/url\url.sty"
\Urlmuskip=\muskip11
Package: url 2013/09/16  ver 3.4  Verb mode for urls, etc.
)
LaTeX Info: Redefining \url on input line 5147.
\XeTeXLinkMargin=\dimen139

("C:\Users\julie\AppData\Local\Programs\MiKTeX 2.9\tex/generic/oberdiek\bitset.
sty"
Package: bitset 2016/05/16 v1.2 Handle bit-vector datatype (HO)

("C:\Users\julie\AppData\Local\Programs\MiKTeX 2.9\tex/generic/oberdiek\bigintc
alc.sty"
Package: bigintcalc 2016/05/16 v1.4 Expandable calculations on big integers (HO
)
))
\Fld@menulength=\count130
\Field@Width=\dimen140
\Fld@charsize=\dimen141
Package hyperref Info: Hyper figures OFF on input line 6418.
Package hyperref Info: Link nesting OFF on input line 6423.
Package hyperref Info: Hyper index ON on input line 6426.
Package hyperref Info: backreferencing OFF on input line 6433.
Package hyperref Info: Link coloring OFF on input line 6438.
Package hyperref Info: Link coloring with OCG OFF on input line 6443.
Package hyperref Info: PDF/A mode OFF on input line 6448.
LaTeX Info: Redefining \ref on input line 6488.
LaTeX Info: Redefining \pageref on input line 6492.

("C:\Users\julie\AppData\Local\Programs\MiKTeX 2.9\tex/generic/oberdiek\atbegsh
i.sty"
Package: atbegshi 2016/06/09 v1.18 At begin shipout hook (HO)
)
\Hy@abspage=\count131
\c@Item=\count132
\c@Hfootnote=\count133
)
Package hyperref Info: Driver: hpdftex.

("C:\Users\julie\AppData\Local\Programs\MiKTeX 2.9\tex/latex/hyperref\hpdftex.d
ef"
File: hpdftex.def 2019/11/10 v7.00c Hyperref driver for pdfTeX

("C:\Users\julie\AppData\Local\Programs\MiKTeX 2.9\tex/latex/oberdiek\atveryend
.sty"
Package: atveryend 2016/05/16 v1.9 Hooks at the very end of document (HO)
Package atveryend Info: \enddocument detected (standard20110627).
)
\Fld@listcount=\count134
\c@bookmark@seq@number=\count135

("C:\Users\julie\AppData\Local\Programs\MiKTeX 2.9\tex/latex/oberdiek\rerunfile
check.sty"
Package: rerunfilecheck 2016/05/16 v1.8 Rerun checks for auxiliary files (HO)

("C:\Users\julie\AppData\Local\Programs\MiKTeX 2.9\tex/generic/oberdiek\uniquec
ounter.sty"
Package: uniquecounter 2016/05/16 v1.3 Provide unlimited unique counter (HO)
)
Package uniquecounter Info: New unique counter `rerunfilecheck' on input line 2
85.
)
\Hy@SectionHShift=\skip71
)
("C:\Users\julie\AppData\Local\Programs\MiKTeX 2.9\tex/latex/oberdiek\hypcap.st
y"
Package: hypcap 2016/05/16 v1.12 Adjusting the anchors of captions (HO)
)
("C:\Users\julie\AppData\Local\Programs\MiKTeX 2.9\tex/latex/abstract\abstract.
sty"
Package: abstract 2009/06/08 v1.2a configurable abstracts
\abstitleskip=\skip72
\absleftindent=\skip73
\absrightindent=\skip74
\absparindent=\skip75
\absparsep=\skip76
)

Class scrreprt Warning: Usage of package `fancyhdr' together
(scrreprt)              with a KOMA-Script class is not recommended.
(scrreprt)              I'd suggest to use 
(scrreprt)              package `scrlayer' or `scrlayer-scrpage', because
(scrreprt)              they support KOMA-Script classes.
(scrreprt)              With `fancyhdr' several features of class `scrreprt'
(scrreprt)              like options `headsepline', `footsepline' or command
(scrreprt)              `\MakeMarkcase' and the commands `\setkomafont' and
(scrreprt)              `\addtokomafont' for the page style elements need
(scrreprt)              explicite user intervention to work.
(scrreprt)              Nevertheless, using requested
(scrreprt)              package `fancyhdr' on input line 134.


("C:\Users\julie\AppData\Local\Programs\MiKTeX 2.9\tex/latex/fancyhdr\fancyhdr.
sty"
Package: fancyhdr 2019/01/31 v3.10 Extensive control of page headers and footer
s
\f@nch@headwidth=\skip77
\f@nch@O@elh=\skip78
\f@nch@O@erh=\skip79
\f@nch@O@olh=\skip80
\f@nch@O@orh=\skip81
\f@nch@O@elf=\skip82
\f@nch@O@erf=\skip83
\f@nch@O@olf=\skip84
\f@nch@O@orf=\skip85
)
\pagemarginleft=\skip86
\pagemarginright=\skip87

("C:\Users\julie\AppData\Local\Programs\MiKTeX 2.9\tex/latex/geometry\geometry.
sty"
Package: geometry 2020/01/02 v5.9 Page Geometry

("C:\Users\julie\AppData\Local\Programs\MiKTeX 2.9\tex/generic/iftex\ifvtex.sty
"
Package: ifvtex 2019/10/25 v1.7 ifvtex legacy package. Use iftex instead.
)
\Gm@cnth=\count136
\Gm@cntv=\count137
\c@Gm@tempcnt=\count138
\Gm@bindingoffset=\dimen142
\Gm@wd@mp=\dimen143
\Gm@odd@mp=\dimen144
\Gm@even@mp=\dimen145
\Gm@layoutwidth=\dimen146
\Gm@layoutheight=\dimen147
\Gm@layouthoffset=\dimen148
\Gm@layoutvoffset=\dimen149
\Gm@dimlist=\toks27

("C:\Users\julie\AppData\Local\Programs\MiKTeX 2.9\tex/latex/geometry\geometry.
cfg"))
("C:\Users\julie\AppData\Local\Programs\MiKTeX 2.9\tex/latex/changepage\changep
age.sty"
Package: changepage 2009/10/20 v1.0c check page and change page layout
\c@cp@cntr=\count139
\cp@tempcnt=\count140
)
\footnotewidth=\skip88
)
("C:\Users\julie\AppData\Local\Programs\MiKTeX 2.9\tex/latex/base\inputenc.sty"
Package: inputenc 2018/08/11 v1.3c Input encoding file
\inpenc@prehook=\toks28
\inpenc@posthook=\toks29
)
("C:\Users\julie\AppData\Local\Programs\MiKTeX 2.9\tex/latex/wrapfig\wrapfig.st
y"
\wrapoverhang=\dimen150
\WF@size=\dimen151
\c@WF@wrappedlines=\count141
\WF@box=\box36
\WF@everypar=\toks30
Package: wrapfig 2003/01/31  v 3.6
)
("C:\Users\julie\AppData\Local\Programs\MiKTeX 2.9\tex/latex/natbib\natbib.sty"
Package: natbib 2010/09/13 8.31b (PWD, AO)
\bibhang=\skip89
\bibsep=\skip90
LaTeX Info: Redefining \cite on input line 694.
\c@NAT@ctr=\count142
)
("C:\Users\julie\AppData\Local\Programs\MiKTeX 2.9\tex/latex/multirow\multirow.
sty"
Package: multirow 2019/05/31 v2.5 Span multiple rows of a table
\multirow@colwidth=\skip91
\multirow@cntb=\count143
\multirow@dima=\skip92
\bigstrutjot=\dimen152
) (Thesis.aux)
\openout1 = `Thesis.aux'.

LaTeX Font Info:    Checking defaults for OML/cmm/m/it on input line 32.
LaTeX Font Info:    ... okay on input line 32.
LaTeX Font Info:    Checking defaults for T1/cmr/m/n on input line 32.
LaTeX Font Info:    ... okay on input line 32.
LaTeX Font Info:    Checking defaults for OT1/cmr/m/n on input line 32.
LaTeX Font Info:    ... okay on input line 32.
LaTeX Font Info:    Checking defaults for OMS/cmsy/m/n on input line 32.
LaTeX Font Info:    ... okay on input line 32.
LaTeX Font Info:    Checking defaults for OMX/cmex/m/n on input line 32.
LaTeX Font Info:    ... okay on input line 32.
LaTeX Font Info:    Checking defaults for U/cmr/m/n on input line 32.
LaTeX Font Info:    ... okay on input line 32.
LaTeX Font Info:    Checking defaults for PD1/pdf/m/n on input line 32.
LaTeX Font Info:    ... okay on input line 32.
Package scrbase Info: activating english \contentsname on input line 32.
Package scrbase Info: activating english \listfigurename on input line 32.
Package scrbase Info: activating english \listtablename on input line 32.
Package caption Info: Begin \AtBeginDocument code.
Package caption Info: changepage package is loaded.
\caption@adjustwidth@hsize=\dimen153
\caption@adjustwidth@linewidth=\dimen154
Package caption Info: float package is loaded.
Package caption Info: hyperref package is loaded.
Package caption Info: hypcap package is loaded.
Package caption Info: wrapfig package is loaded.
Package caption Info: End \AtBeginDocument code.

("C:\Users\julie\AppData\Local\Programs\MiKTeX 2.9\tex/context/base/mkii\supp-p
df.mkii"
[Loading MPS to PDF converter (version 2006.09.02).]
\scratchcounter=\count144
\scratchdimen=\dimen155
\scratchbox=\box37
\nofMPsegments=\count145
\nofMParguments=\count146
\everyMPshowfont=\toks31
\MPscratchCnt=\count147
\MPscratchDim=\dimen156
\MPnumerator=\count148
\makeMPintoPDFobject=\count149
\everyMPtoPDFconversion=\toks32
)
("C:\Users\julie\AppData\Local\Programs\MiKTeX 2.9\tex/latex/epstopdf-pkg\epsto
pdf-base.sty"
Package: epstopdf-base 2019/11/24 v2.7 Base part for package epstopdf

("C:\Users\julie\AppData\Local\Programs\MiKTeX 2.9\tex/latex/oberdiek\grfext.st
y"
Package: grfext 2016/05/16 v1.2 Manage graphics extensions (HO)
)
Package epstopdf-base Info: Redefining graphics rule for `.eps' on input line 4
42.
Package grfext Info: Graphics extension search list:
(grfext)             [.pdf,.png,.jpg,.mps,.jpeg,.jbig2,.jb2,.PDF,.PNG,.JPG,.JPE
G,.JBIG2,.JB2,.eps]
(grfext)             \AppendGraphicsExtensions on input line 460.
)
\AtBeginShipoutBox=\box38
Package hyperref Info: Link coloring OFF on input line 32.

("C:\Users\julie\AppData\Local\Programs\MiKTeX 2.9\tex/latex/hyperref\nameref.s
ty"
Package: nameref 2019/09/16 v2.46 Cross-referencing by name of section

("C:\Users\julie\AppData\Local\Programs\MiKTeX 2.9\tex/latex/oberdiek\refcount.
sty"
Package: refcount 2016/05/16 v3.5 Data extraction from label references (HO)
)
("C:\Users\julie\AppData\Local\Programs\MiKTeX 2.9\tex/generic/oberdiek\gettitl
estring.sty"
Package: gettitlestring 2016/05/16 v1.5 Cleanup title references (HO)
)
\c@section@level=\count150
LaTeX Info: Redefining \Ref on input line 520.
)
LaTeX Info: Redefining \ref on input line 32.
LaTeX Info: Redefining \pageref on input line 32.
LaTeX Info: Redefining \nameref on input line 32.
 (Thesis.out) (Thesis.out)
\@outlinefile=\write3
\openout3 = `Thesis.out'.

LaTeX Info: Redefining \Ref on input line 32.
Class scrreprt Info: loading recommended package `bookmark'.
(scrreprt)           Using `bookmark' together with `hyperref' is recommended,
(scrreprt)           because of handling of possible bookmark level gaps.
(scrreprt)           You can avoid loading `bookmark' with KOMA-Script option
(scrreprt)           `bookmarkpackage=false' before \begin{document} and
(scrreprt)           you can avoid this message adding:
(scrreprt)             \usepackage{bookmark}
(scrreprt)           before \begin{document} on input line 32.

("C:\Users\julie\AppData\Local\Programs\MiKTeX 2.9\tex/latex/oberdiek\bookmark.
sty"
Package: bookmark 2019/06/04 v1.27 PDF bookmarks (HO)

("C:\Users\julie\AppData\Local\Programs\MiKTeX 2.9\tex/generic/iftex\ifxetex.st
y"
Package: ifxetex 2019/10/25 v0.7 ifxetex legacy package. Use iftex instead.
)
("C:\Users\julie\AppData\Local\Programs\MiKTeX 2.9\tex/latex/oberdiek\bkm-pdfte
x.def"
File: bkm-pdftex.def 2019/06/04 v1.27 bookmark driver for pdfTeX (HO)
Package auxhook Info: \AddLineBeginMainAux comes a little late,
(auxhook)             because the main .aux file is already opened on input lin
e 167.
\BKM@id=\count151
))
*geometry* driver: auto-detecting
*geometry* detected driver: pdftex
*geometry* verbose mode - [ preamble ] result:
* driver: pdftex
* paper: a4paper
* layout: <same size as paper>
* layoutoffset:(h,v)=(0.0pt,0.0pt)
* modes: includehead includefoot twoside 
* h-part:(L,W,R)=(71.13188pt, 426.79135pt, 99.58464pt)
* v-part:(T,H,B)=(56.9055pt, 745.46222pt, 42.67912pt)
* \paperwidth=597.50787pt
* \paperheight=845.04684pt
* \textwidth=426.79135pt
* \textheight=660.4622pt
* \oddsidemargin=-1.1381pt
* \evensidemargin=27.31465pt
* \topmargin=-15.36449pt
* \headheight=14.0pt
* \headsep=20.40001pt
* \topskip=11.0pt
* \footskip=47.6pt
* \marginparwidth=89.62619pt
* \marginparsep=12.8401pt
* \columnsep=10.0pt
* \skip\footins=10.0pt plus 4.0pt minus 2.0pt
* \hoffset=0.0pt
* \voffset=0.0pt
* \mag=1000
* \@twocolumnfalse
* \@twosidetrue
* \@mparswitchtrue
* \@reversemarginfalse
* (1in=72.27pt=25.4mm, 1cm=28.453pt)

LaTeX Font Info:    Trying to load font information for U+msa on input line 33.

("C:\Users\julie\AppData\Local\Programs\MiKTeX 2.9\tex/latex/amsfonts\umsa.fd"
File: umsa.fd 2013/01/14 v3.01 AMS symbols A
)
LaTeX Font Info:    Trying to load font information for U+msb on input line 33.

("C:\Users\julie\AppData\Local\Programs\MiKTeX 2.9\tex/latex/amsfonts\umsb.fd"
File: umsb.fd 2013/01/14 v3.01 AMS symbols B
)
<isasheader.pdf, id=3, 531.9875pt x 58.2175pt>
File: isasheader.pdf Graphic file (type pdf)
<use isasheader.pdf>
Package pdftex.def Info: isasheader.pdf  used on input line 33.
(pdftex.def)             Requested size: 426.79134pt x 46.7064pt.

Underfull \hbox (badness 10000) in alignment at lines 33--33
[][] 
 []

[1

{C:/Users/julie/AppData/Local/MiKTeX/2.9/pdftex/config/pdftex.map} <./isasheade
r.pdf>] [2


]
Underfull \hbox (badness 10000) in paragraph at lines 35--37

 []

[3


] [4


] [5] [6


] (Thesis.toc [1


])
\tf@toc=\write4
\openout4 = `Thesis.toc'.

 [2] (Thesis.lof
Underfull \vbox (badness 1173) has occurred while \output is active []

 [3




])
\tf@lof=\write5
\openout5 = `Thesis.lof'.


[4] (Thesis.lot)
\tf@lot=\write6
\openout6 = `Thesis.lot'.

 [5




] [6


] (notation.tex

Class scrreprt Warning: Incompatible usage of \@ssect detected.
(scrreprt)              You've used the KOMA-Script implementation of \@ssect
(scrreprt)              from within a non compatible caller, that does not
(scrreprt)              \scr@s@ct@@nn@m@ locally.
(scrreprt)              This could result in several error messages on input li
ne 7.


Class scrreprt Warning: Incompatible usage of \@ssect detected.
(scrreprt)              You've used the KOMA-Script implementation of \@ssect
(scrreprt)              from within a non compatible caller, that does not
(scrreprt)              \scr@s@ct@@nn@m@ locally.
(scrreprt)              This could result in several error messages on input li
ne 17.

) [7


] [8


]
chapter 1.

Class scrreprt Warning: \float@addtolists detected!
(scrreprt)              Implementation of \float@addtolist became
(scrreprt)              deprecated in KOMA-Script v3.01 2008/11/14 and
(scrreprt)              has been replaced by several more flexible
(scrreprt)              features of package `tocbasic`.
(scrreprt)              Since Version 3.12 support for deprecated
(scrreprt)              \float@addtolist interface has been
(scrreprt)              restricted to only some of the KOMA-Script
(scrreprt)              features and been removed from others.
(scrreprt)              Loading of package `scrhack' may help to
(scrreprt)              avoid this warning, if you are using a
(scrreprt)              a package that still implements the
(scrreprt)              deprecated \float@addtolist interface .


Underfull \hbox (badness 10000) in paragraph at lines 41--46

 []


Underfull \hbox (badness 10000) in paragraph at lines 41--46

 []


Underfull \hbox (badness 10000) in paragraph at lines 41--46

 []

[1


] [2]
chapter 2.
<figures/BLDC-Motor_1.jpg, id=375, 678.8562pt x 542.025pt>
File: figures/BLDC-Motor_1.jpg Graphic file (type jpg)
<use figures/BLDC-Motor_1.jpg>
Package pdftex.def Info: figures/BLDC-Motor_1.jpg  used on input line 51.
(pdftex.def)             Requested size: 170.71393pt x 136.2999pt.

Underfull \hbox (badness 1248) in paragraph at lines 56--57
\OT1/cmr/m/n/12 ma-nent Mag-net Syn-chronous Mo-tors
 []


Underfull \hbox (badness 10000) in paragraph at lines 56--57

 []


Underfull \hbox (badness 10000) in paragraph at lines 56--57

 []

[3


 <./figures/BLDC-Motor_1.jpg>]
Underfull \hbox (badness 10000) in paragraph at lines 60--62

 []

[4]
<figures/KF.jpg, id=396, 829.1778pt x 393.6306pt>
File: figures/KF.jpg Graphic file (type jpg)
<use figures/KF.jpg>
Package pdftex.def Info: figures/KF.jpg  used on input line 81.
(pdftex.def)             Requested size: 426.79135pt x 202.6109pt.

Underfull \hbox (badness 10000) in paragraph at lines 85--89

 []


Underfull \hbox (badness 10000) in paragraph at lines 85--89

 []


Underfull \hbox (badness 10000) in paragraph at lines 85--89

 []

[5 <./figures/KF.jpg>]
Underfull \hbox (badness 10000) in paragraph at lines 90--93

 []


Underfull \hbox (badness 10000) in paragraph at lines 90--93

 []

[6]
Overfull \hbox (0.20291pt too wide) detected at line 97
\OML/cmm/m/it/12 y[]\OT1/cmr/m/n/12 (\OML/cmm/m/it/12 k\OT1/cmr/m/n/12 ) + \OML
/cmm/m/it/12 a[]y[]\OT1/cmr/m/n/12 (\OML/cmm/m/it/12 k\OT1/cmr/m/n/12 ) + [] + 
\OML/cmm/m/it/12 a[]y[]\OT1/cmr/m/n/12 (\OML/cmm/m/it/12 k\OT1/cmr/m/n/12 ) = \
OML/cmm/m/it/12 b[]u[]\OT1/cmr/m/n/12 (\OML/cmm/m/it/12 k\OT1/cmr/m/n/12 ) + \O
ML/cmm/m/it/12 b[]u[]\OT1/cmr/m/n/12 (\OML/cmm/m/it/12 k\OT1/cmr/m/n/12 ) + [] 
+ \OML/cmm/m/it/12 b[]u[]\OT1/cmr/m/n/12 (\OML/cmm/m/it/12 k\OT1/cmr/m/n/12 )\O
ML/cmm/m/it/12 :
 []

<figures/identification_loop.jpg, id=417, 542.025pt x 512.66531pt>
File: figures/identification_loop.jpg Graphic file (type jpg)
<use figures/identification_loop.jpg>
Package pdftex.def Info: figures/identification_loop.jpg  used on input line 11
8.
(pdftex.def)             Requested size: 341.43437pt x 322.94955pt.

Underfull \hbox (badness 10000) in paragraph at lines 114--122

 []


Underfull \hbox (badness 10000) in paragraph at lines 114--122

 []

[7] [8 <./figures/identification_loop.jpg>]
chapter 3.

Underfull \hbox (badness 10000) in paragraph at lines 123--125

 []

<figures/hardware-setup.jpg, id=441, 661.9932pt x 165.7392pt>
File: figures/hardware-setup.jpg Graphic file (type jpg)
<use figures/hardware-setup.jpg>
Package pdftex.def Info: figures/hardware-setup.jpg  used on input line 131.
(pdftex.def)             Requested size: 426.79135pt x 106.85669pt.
<figures/HardwareBlock3.jpg, id=442, 998.22937pt x 325.96782pt>
File: figures/HardwareBlock3.jpg Graphic file (type jpg)
<use figures/HardwareBlock3.jpg>
Package pdftex.def Info: figures/HardwareBlock3.jpg  used on input line 137.
(pdftex.def)             Requested size: 426.79135pt x 139.3676pt.

Underfull \hbox (badness 10000) in paragraph at lines 126--141

 []


Underfull \hbox (badness 10000) in paragraph at lines 126--141

 []

[9


]
<figures/AnalogSensor.jpg, id=451, 272.51813pt x 252.945pt>
File: figures/AnalogSensor.jpg Graphic file (type jpg)
<use figures/AnalogSensor.jpg>
Package pdftex.def Info: figures/AnalogSensor.jpg  used on input line 145.
(pdftex.def)             Requested size: 213.39568pt x 198.06822pt.
<figures/honeywell_axes.jpg, id=454, 147.55125pt x 131.49126pt>
File: figures/honeywell_axes.jpg Graphic file (type jpg)
<use figures/honeywell_axes.jpg>
Package pdftex.def Info: figures/honeywell_axes.jpg  used on input line 152.
(pdftex.def)             Requested size: 213.39568pt x 190.17387pt.

Underfull \hbox (badness 10000) in paragraph at lines 157--159

 []

[10 <./figures/hardware-setup.jpg> <./figures/HardwareBlock3.jpg>] [11 <./figur
es/AnalogSensor.jpg> <./figures/honeywell_axes.jpg>]
Underfull \hbox (badness 10000) in paragraph at lines 160--163

 []


Underfull \hbox (badness 10000) in paragraph at lines 160--163

 []


Underfull \hbox (badness 10000) in paragraph at lines 173--176

 []

[12]
<figures/estimation-setup_2.jpg, id=480, 844.1136pt x 362.3136pt>
File: figures/estimation-setup_2.jpg Graphic file (type jpg)
<use figures/estimation-setup_2.jpg>
Package pdftex.def Info: figures/estimation-setup_2.jpg  used on input line 196
.
(pdftex.def)             Requested size: 426.79135pt x 183.19083pt.

Underfull \hbox (badness 10000) in paragraph at lines 206--208

 []

[13 <./figures/estimation-setup_2.jpg>]
<figures/1000RPM_old_pos.jpg, id=489, 1927.2pt x 976.64874pt>
File: figures/1000RPM_old_pos.jpg Graphic file (type jpg)
<use figures/1000RPM_old_pos.jpg>
Package pdftex.def Info: figures/1000RPM_old_pos.jpg  used on input line 212.
(pdftex.def)             Requested size: 426.79135pt x 216.27911pt.
<figures/dips_1000RPM_1.jpg, id=490, 963.6pt x 488.0634pt>
File: figures/dips_1000RPM_1.jpg Graphic file (type jpg)
<use figures/dips_1000RPM_1.jpg>
Package pdftex.def Info: figures/dips_1000RPM_1.jpg  used on input line 218.
(pdftex.def)             Requested size: 426.79135pt x 216.16353pt.
<figures/phaseshift_50_1000.jpg, id=491, 963.6pt x 483.2454pt>
File: figures/phaseshift_50_1000.jpg Graphic file (type jpg)
<use figures/phaseshift_50_1000.jpg>
Package pdftex.def Info: figures/phaseshift_50_1000.jpg  used on input line 224
.
(pdftex.def)             Requested size: 426.79135pt x 214.02963pt.
 [14 <./figures/1000RPM_old_pos.jpg>]
[15 <./figures/dips_1000RPM_1.jpg> <./figures/phaseshift_50_1000.jpg>]
Underfull \hbox (badness 10000) in paragraph at lines 233--236

 []


Underfull \hbox (badness 10000) in paragraph at lines 233--236

 []

[16]
chapter 4.

Underfull \hbox (badness 10000) in paragraph at lines 240--241

 []


Underfull \hbox (badness 10000) in paragraph at lines 240--241

 []

<figures/dips_200.jpg, id=510, 1927.2pt x 976.64874pt>
File: figures/dips_200.jpg Graphic file (type jpg)
<use figures/dips_200.jpg>
Package pdftex.def Info: figures/dips_200.jpg  used on input line 244.
(pdftex.def)             Requested size: 426.79135pt x 216.27911pt.
<figures/MagneticFluxBLDC.jpg, id=514, 479.54156pt x 412.54124pt>
File: figures/MagneticFluxBLDC.jpg Graphic file (type jpg)
<use figures/MagneticFluxBLDC.jpg>
Package pdftex.def Info: figures/MagneticFluxBLDC.jpg  used on input line 253.
(pdftex.def)             Requested size: 341.43437pt x 293.73096pt.

Underfull \hbox (badness 10000) in paragraph at lines 248--258

 []


Underfull \hbox (badness 10000) in paragraph at lines 248--258

 []


Underfull \hbox (badness 10000) in paragraph at lines 248--258

 []

[17


]
Underfull \vbox (badness 1365) has occurred while \output is active []

 [18 <./figures/dips_200.jpg>]
Underfull \hbox (badness 10000) in paragraph at lines 260--262

 []

[19 <./figures/MagneticFluxBLDC.jpg>]
<figures/backside_position_overview_1.jpg, id=535, 554.07pt x 529.98pt>
File: figures/backside_position_overview_1.jpg Graphic file (type jpg)
<use figures/backside_position_overview_1.jpg>
Package pdftex.def Info: figures/backside_position_overview_1.jpg  used on inpu
t line 269.
(pdftex.def)             Requested size: 341.43437pt x 326.58675pt.

Underfull \hbox (badness 10000) in paragraph at lines 266--274

 []

<figures/Old_vs_Current_position.jpg, id=540, 426.8748pt x 447.1104pt>
File: figures/Old_vs_Current_position.jpg Graphic file (type jpg)
<use figures/Old_vs_Current_position.jpg>
Package pdftex.def Info: figures/Old_vs_Current_position.jpg  used on input lin
e 282.
(pdftex.def)             Requested size: 256.07741pt x 268.23419pt.
<figures/tiled_magX_vs_MagY.jpg, id=543, 1927.2pt x 976.64874pt>
File: figures/tiled_magX_vs_MagY.jpg Graphic file (type jpg)
<use figures/tiled_magX_vs_MagY.jpg>
Package pdftex.def Info: figures/tiled_magX_vs_MagY.jpg  used on input line 289
.
(pdftex.def)             Requested size: 426.79135pt x 216.27911pt.

Underfull \hbox (badness 10000) in paragraph at lines 279--294

 []


Underfull \vbox (badness 10000) has occurred while \output is active []

 [20]
Underfull \vbox (badness 1009) has occurred while \output is active []

 [21 <./figures/backside_position_overview_1.jpg>] [22 <./figures/Old_vs_Curren
t_position.jpg> <./figures/tiled_magX_vs_MagY.jpg>]
<figures/Positions/original_translated_1.jpg, id=563, 960.7092pt x 391.2216pt>
File: figures/Positions/original_translated_1.jpg Graphic file (type jpg)
<use figures/Positions/original_translated_1.jpg>
Package pdftex.def Info: figures/Positions/original_translated_1.jpg  used on i
nput line 300.
(pdftex.def)             Requested size: 426.79135pt x 173.79756pt.

Underfull \hbox (badness 10000) in paragraph at lines 296--305

 []

<figures/coil_distribution.jpg, id=564, 522.95375pt x 519.9425pt>
File: figures/coil_distribution.jpg Graphic file (type jpg)
<use figures/coil_distribution.jpg>
Package pdftex.def Info: figures/coil_distribution.jpg  used on input line 309.

(pdftex.def)             Requested size: 256.07741pt x 254.60745pt.
<figures/Positions/original_scheme.jpg, id=565, 623.931pt x 542.025pt>
File: figures/Positions/original_scheme.jpg Graphic file (type jpg)
<use figures/Positions/original_scheme.jpg>
Package pdftex.def Info: figures/Positions/original_scheme.jpg  used on input l
ine 316.
(pdftex.def)             Requested size: 341.43437pt x 296.61768pt.

Underfull \hbox (badness 10000) in paragraph at lines 306--323

 []


Underfull \hbox (badness 10000) in paragraph at lines 306--323

 []

[23]
Underfull \hbox (badness 10000) in paragraph at lines 324--326

 []

[24 <./figures/Positions/original_translated_1.jpg>] [25 <./figures/coil_distri
bution.jpg> <./figures/Positions/original_scheme.jpg>]
<figures/Positions/original_translated_vertical_2.jpg, id=586, 960.2274pt x 783
.8886pt>
File: figures/Positions/original_translated_vertical_2.jpg Graphic file (type j
pg)
<use figures/Positions/original_translated_vertical_2.jpg>
Package pdftex.def Info: figures/Positions/original_translated_vertical_2.jpg  
used on input line 330.
(pdftex.def)             Requested size: 426.79135pt x 348.40471pt.
<figures/Positions/symmetric_pattern.jpg, id=588, 1265.72874pt x 1264.725pt>
File: figures/Positions/symmetric_pattern.jpg Graphic file (type jpg)
<use figures/Positions/symmetric_pattern.jpg>
Package pdftex.def Info: figures/Positions/symmetric_pattern.jpg  used on input
 line 338.
(pdftex.def)             Requested size: 341.43437pt x 341.15225pt.
<figures/Positions/position_one_relation_1.jpg, id=590, 765.0984pt x 457.71pt>
File: figures/Positions/position_one_relation_1.jpg Graphic file (type jpg)
<use figures/Positions/position_one_relation_1.jpg>
Package pdftex.def Info: figures/Positions/position_one_relation_1.jpg  used on
 input line 346.
(pdftex.def)             Requested size: 426.79135pt x 255.31712pt.

Underfull \hbox (badness 10000) in paragraph at lines 335--351

 []


Underfull \hbox (badness 10000) in paragraph at lines 335--351

 []


Underfull \hbox (badness 10000) in paragraph at lines 335--351

 []

[26 <./figures/Positions/original_translated_vertical_2.jpg>]
Underfull \vbox (badness 10000) has occurred while \output is active []

 [27 <./figures/Positions/symmetric_pattern.jpg>] [28 <./figures/Positions/posi
tion_one_relation_1.jpg>]
Underfull \hbox (badness 10000) in paragraph at lines 359--363

 []


Underfull \hbox (badness 10000) in paragraph at lines 359--363

 []


Underfull \hbox (badness 10000) in paragraph at lines 359--363

 []

[29] [30]
chapter 5.
[31


]
Underfull \hbox (badness 10000) in paragraph at lines 373--375

 []

<figures/Time_200rpm.jpg, id=623, 1927.2pt x 966.61125pt>
File: figures/Time_200rpm.jpg Graphic file (type jpg)
<use figures/Time_200rpm.jpg>
Package pdftex.def Info: figures/Time_200rpm.jpg  used on input line 388.
(pdftex.def)             Requested size: 426.79135pt x 214.0563pt.
<figures/Angle_200rpm.jpg, id=624, 1927.2pt x 966.61125pt>
File: figures/Angle_200rpm.jpg Graphic file (type jpg)
<use figures/Angle_200rpm.jpg>
Package pdftex.def Info: figures/Angle_200rpm.jpg  used on input line 395.
(pdftex.def)             Requested size: 426.79135pt x 214.0563pt.
<figures/phaseshift_200_3000.jpg, id=626, 963.6pt x 483.2454pt>
File: figures/phaseshift_200_3000.jpg Graphic file (type jpg)
<use figures/phaseshift_200_3000.jpg>
Package pdftex.def Info: figures/phaseshift_200_3000.jpg  used on input line 40
4.
(pdftex.def)             Requested size: 426.79135pt x 214.02963pt.
<figures/phaseshift_neg_200_3000.jpg, id=627, 1927.2pt x 966.61125pt>
File: figures/phaseshift_neg_200_3000.jpg Graphic file (type jpg)
<use figures/phaseshift_neg_200_3000.jpg>
Package pdftex.def Info: figures/phaseshift_neg_200_3000.jpg  used on input lin
e 411.
(pdftex.def)             Requested size: 426.79135pt x 214.0563pt.

Underfull \hbox (badness 10000) in paragraph at lines 401--419

 []


Underfull \hbox (badness 10000) in paragraph at lines 401--419

 []

[32] [33 <./figures/Time_200rpm.jpg> <./figures/Angle_200rpm.jpg>]
<figures/coilless_signal_overview.jpg, id=641, 1927.2pt x 966.61125pt>
File: figures/coilless_signal_overview.jpg Graphic file (type jpg)
<use figures/coilless_signal_overview.jpg>
Package pdftex.def Info: figures/coilless_signal_overview.jpg  used on input li
ne 428.
(pdftex.def)             Requested size: 426.79135pt x 214.0563pt.
<figures/coilles_phase_shift.jpg, id=642, 1927.2pt x 966.61125pt>
File: figures/coilles_phase_shift.jpg Graphic file (type jpg)
<use figures/coilles_phase_shift.jpg>
Package pdftex.def Info: figures/coilles_phase_shift.jpg  used on input line 43
5.
(pdftex.def)             Requested size: 426.79135pt x 214.0563pt.

Underfull \hbox (badness 10000) in paragraph at lines 425--442

 []

[34 <./figures/phaseshift_200_3000.jpg>] [35 <./figures/phaseshift_neg_200_3000
.jpg>]
Underfull \hbox (badness 10000) in paragraph at lines 449--454

 []


Underfull \hbox (badness 10000) in paragraph at lines 449--454

 []


Underfull \hbox (badness 10000) in paragraph at lines 449--454

 []

[36 <./figures/coilless_signal_overview.jpg>]
Underfull \hbox (badness 10000) in paragraph at lines 459--461

 []


Underfull \vbox (badness 10000) has occurred while \output is active []

 [37 <./figures/coilles_phase_shift.jpg>]
Underfull \hbox (badness 10000) in paragraph at lines 477--480

 []

[38]
<figures/block_diagram_sampling.jpg, id=674, 829.1778pt x 335.3328pt>
File: figures/block_diagram_sampling.jpg Graphic file (type jpg)
<use figures/block_diagram_sampling.jpg>
Package pdftex.def Info: figures/block_diagram_sampling.jpg  used on input line
 489.
(pdftex.def)             Requested size: 426.79135pt x 172.60365pt.
<figures/input_output_time_final_1.jpg, id=677, 936.1374pt x 695.7192pt>
File: figures/input_output_time_final_1.jpg Graphic file (type jpg)
<use figures/input_output_time_final_1.jpg>
Package pdftex.def Info: figures/input_output_time_final_1.jpg  used on input l
ine 497.
(pdftex.def)             Requested size: 426.79135pt x 317.17905pt.

Underfull \hbox (badness 10000) in paragraph at lines 485--503

 []


Underfull \hbox (badness 10000) in paragraph at lines 485--503

 []

<figures/block_diagram_convolution.jpg, id=680, 341.1144pt x 83.8332pt>
File: figures/block_diagram_convolution.jpg Graphic file (type jpg)
<use figures/block_diagram_convolution.jpg>
Package pdftex.def Info: figures/block_diagram_convolution.jpg  used on input l
ine 507.
(pdftex.def)             Requested size: 341.43437pt x 83.91612pt.

Underfull \hbox (badness 10000) in paragraph at lines 504--513

 []


Underfull \vbox (badness 10000) has occurred while \output is active []

 [39 <./figures/block_diagram_sampling.jpg>] [40 <./figures/input_output_time_f
inal_1.jpg>]
<figures/bode.jpg, id=694, 1927.2pt x 966.61125pt>
File: figures/bode.jpg Graphic file (type jpg)
<use figures/bode.jpg>
Package pdftex.def Info: figures/bode.jpg  used on input line 530.
(pdftex.def)             Requested size: 423.98532pt x 212.65514pt.
<figures/bode_reference.jpg, id=695, 289.08pt x 215.80624pt>
File: figures/bode_reference.jpg Graphic file (type jpg)
<use figures/bode_reference.jpg>
Package pdftex.def Info: figures/bode_reference.jpg  used on input line 537.
(pdftex.def)             Requested size: 426.79135pt x 318.62756pt.

Underfull \hbox (badness 10000) in paragraph at lines 523--543

 []


Underfull \hbox (badness 10000) in paragraph at lines 523--543

 []


Underfull \hbox (badness 10000) in paragraph at lines 523--543

 []


Underfull \hbox (badness 10000) in paragraph at lines 523--543

 []

[41 <./figures/block_diagram_convolution.jpg>] [42] [43 <./figures/bode.jpg> <.
/figures/bode_reference.jpg>] [44


]
chapter 6.

Underfull \hbox (badness 10000) in paragraph at lines 544--546

 []

<figures/sensor_system_online_2.jpg, id=718, 909.6384pt x 410.4936pt>
File: figures/sensor_system_online_2.jpg Graphic file (type jpg)
<use figures/sensor_system_online_2.jpg>
Package pdftex.def Info: figures/sensor_system_online_2.jpg  used on input line
 554.
(pdftex.def)             Requested size: 426.79135pt x 192.60004pt.

Underfull \hbox (badness 10000) in paragraph at lines 550--560

 []


Underfull \hbox (badness 10000) in paragraph at lines 550--560

 []

[45]
<figures/deconvolution_system.jpg, id=725, 787.743pt x 234.6366pt>
File: figures/deconvolution_system.jpg Graphic file (type jpg)
<use figures/deconvolution_system.jpg>
Package pdftex.def Info: figures/deconvolution_system.jpg  used on input line 5
70.
(pdftex.def)             Requested size: 426.79135pt x 127.12434pt.

Underfull \hbox (badness 10000) in paragraph at lines 565--575

 []


Underfull \vbox (badness 10000) has occurred while \output is active []

 [46 <./figures/sensor_system_online_2.jpg>]
Underfull \hbox (badness 10000) in paragraph at lines 578--580

 []

[47 <./figures/deconvolution_system.jpg>]
Underfull \hbox (badness 10000) in paragraph at lines 589--591

 []

[48]
<figures/offline_sid_1.png, id=751, 864.22874pt x 994.71625pt>
File: figures/offline_sid_1.png Graphic file (type png)
<use figures/offline_sid_1.png>
Package pdftex.def Info: figures/offline_sid_1.png  used on input line 597.
(pdftex.def)             Requested size: 426.79135pt x 491.22495pt.

Underfull \hbox (badness 10000) in paragraph at lines 603--605

 []

[49] [50 <./figures/offline_sid_1.png>]
Underfull \hbox (badness 10000) in paragraph at lines 617--620

 []

[51]
Underfull \hbox (badness 10000) in paragraph at lines 632--635

 []

[52]
Underfull \hbox (badness 10000) in paragraph at lines 639--642

 []

[53] [54


]
chapter 7.

Underfull \hbox (badness 10000) in paragraph at lines 646--649

 []


Underfull \hbox (badness 10000) in paragraph at lines 654--655

 []

[55]
Underfull \hbox (badness 10000) in paragraph at lines 658--700

 []


Underfull \hbox (badness 10000) in paragraph at lines 658--700

 []


Underfull \hbox (badness 10000) in paragraph at lines 658--700

 []

[56] [57]
Underfull \hbox (badness 10000) in paragraph at lines 701--731

 []


Underfull \hbox (badness 10000) in paragraph at lines 701--731

 []


Underfull \hbox (badness 10000) in paragraph at lines 701--731

 []


Underfull \hbox (badness 10000) in paragraph at lines 701--731

 []

[58]
<figures/curve_tube.jpg, id=826, 915.9018pt x 718.3638pt>
File: figures/curve_tube.jpg Graphic file (type jpg)
<use figures/curve_tube.jpg>
Package pdftex.def Info: figures/curve_tube.jpg  used on input line 735.
(pdftex.def)             Requested size: 426.79135pt x 334.7482pt.
<figures/curve_tube_n4sid.jpg, id=827, 915.9018pt x 718.3638pt>
File: figures/curve_tube_n4sid.jpg Graphic file (type jpg)
<use figures/curve_tube_n4sid.jpg>
Package pdftex.def Info: figures/curve_tube_n4sid.jpg  used on input line 742.
(pdftex.def)             Requested size: 426.79135pt x 334.7482pt.
<figures/curve_multiple_SRIVC_position.jpg, id=828, 1927.2pt x 976.64874pt>
File: figures/curve_multiple_SRIVC_position.jpg Graphic file (type jpg)
<use figures/curve_multiple_SRIVC_position.jpg>
Package pdftex.def Info: figures/curve_multiple_SRIVC_position.jpg  used on inp
ut line 748.
(pdftex.def)             Requested size: 426.79135pt x 216.27911pt.

Underfull \hbox (badness 10000) in paragraph at lines 732--755

 []


Underfull \hbox (badness 10000) in paragraph at lines 732--755

 []


Underfull \hbox (badness 10000) in paragraph at lines 732--755

 []

[59] [60 <./figures/curve_tube.jpg>] [61 <./figures/curve_tube_n4sid.jpg> <./fi
gures/curve_multiple_SRIVC_position.jpg>]
Underfull \hbox (badness 10000) in paragraph at lines 756--758

 []

[62]
Underfull \hbox (badness 10000) in paragraph at lines 774--776

 []

<figures/noisy_speed.jpg, id=855, 1927.2pt x 976.64874pt>
File: figures/noisy_speed.jpg Graphic file (type jpg)
<use figures/noisy_speed.jpg>
Package pdftex.def Info: figures/noisy_speed.jpg  used on input line 797.
(pdftex.def)             Requested size: 426.79135pt x 216.27911pt.

Underfull \hbox (badness 10000) in paragraph at lines 777--818

 []


Underfull \hbox (badness 10000) in paragraph at lines 777--818

 []

[63] [64 <./figures/noisy_speed.jpg>]
Underfull \hbox (badness 10000) in paragraph at lines 826--828

 []

[65]
Overfull \hbox (0.93124pt too wide) in paragraph at lines 831--856
[][] 
 []


Overfull \hbox (0.93124pt too wide) in paragraph at lines 862--886
[][] 
 []


Overfull \hbox (0.93124pt too wide) in paragraph at lines 890--916
[][] 
 []


Underfull \hbox (badness 10000) in paragraph at lines 921--936

 []


Underfull \hbox (badness 10000) in paragraph at lines 921--936

 []

[66] [67] [68] [69]
<figures/comparison_position.jpg, id=901, 1927.2pt x 966.61125pt>
File: figures/comparison_position.jpg Graphic file (type jpg)
<use figures/comparison_position.jpg>
Package pdftex.def Info: figures/comparison_position.jpg  used on input line 94
0.
(pdftex.def)             Requested size: 426.79135pt x 214.0563pt.
<figures/comparison_speed.jpg, id=904, 1927.2pt x 966.61125pt>
File: figures/comparison_speed.jpg Graphic file (type jpg)
<use figures/comparison_speed.jpg>
Package pdftex.def Info: figures/comparison_speed.jpg  used on input line 946.
(pdftex.def)             Requested size: 426.79135pt x 214.0563pt.

Underfull \hbox (badness 10000) in paragraph at lines 951--964

 []


Underfull \hbox (badness 10000) in paragraph at lines 951--964

 []

[70] [71 <./figures/comparison_position.jpg> <./figures/comparison_speed.jpg>]
[72]
chapter 8.

Underfull \hbox (badness 10000) in paragraph at lines 965--967

 []


Underfull \hbox (badness 10000) in paragraph at lines 971--977

 []


Underfull \hbox (badness 10000) in paragraph at lines 971--977

 []


Underfull \hbox (badness 10000) in paragraph at lines 971--977

 []


Underfull \hbox (badness 10000) in paragraph at lines 971--977

 []


Underfull \hbox (badness 10000) in paragraph at lines 971--977

 []

[73


] [74]
chapter A.
[75


] [76


]
chapter B.
(Thesis.bbl [77] [78


]
Underfull \hbox (badness 10000) in paragraph at lines 12--16
[]$\OT1/cmtt/m/n/12 https : / / aerospace . honeywell . com / content / dam / a
ero / en-[]us / documents /
 []


Underfull \hbox (badness 10000) in paragraph at lines 18--22
\OT1/cmtt/m/n/12 TinyCircuits / TinyCircuits-[]TinyShield-[]Compass-[]ASD2613 /
 raw / master /
 []

[79] [80]
Underfull \hbox (badness 10000) in paragraph at lines 166--171
[]\OT1/cmr/m/n/12 Hristo Zhivom-irov.  Am-pli-tude Ra-tio Mea-sure-ment with Ma
t-
 []


Underfull \hbox (badness 10000) in paragraph at lines 166--171
\OT1/cmr/m/n/12 lab.  []$\OT1/cmtt/m/n/12 https : / / www . mathworks . com / m
atlabcentral / fileexchange /
 []

)
Package atveryend Info: Empty hook `BeforeClearDocument' on input line 1033.
 [81]
Package atveryend Info: Empty hook `AfterLastShipout' on input line 1033.
 (Thesis.aux)
Package atveryend Info: Executing hook `AtVeryEndDocument' on input line 1033.
Package atveryend Info: Executing hook `AtEndAfterFileList' on input line 1033.

Package rerunfilecheck Info: File `Thesis.out' has not changed.
(rerunfilecheck)             Checksum: D41D8CD98F00B204E9800998ECF8427E;0.
Package atveryend Info: Empty hook `AtVeryVeryEnd' on input line 1033.
 ) 
Here is how much of TeX's memory you used:
 14174 strings out of 492484
 237895 string characters out of 3121602
 470951 words of memory out of 3000000
 17941 multiletter control sequences out of 15000+200000
 19501 words of font info for 72 fonts, out of 3000000 for 9000
 1141 hyphenation exceptions out of 8191
 57i,17n,76p,10109b,486s stack positions out of 5000i,500n,10000p,200000b,50000s
<C:/Users/julie/AppData/Local/Programs/MiKTeX 2.9/fonts/type1/public/amsfonts
/cm/cmbx10.pfb><C:/Users/julie/AppData/Local/Programs/MiKTeX 2.9/fonts/type1/pu
blic/amsfonts/cm/cmbx12.pfb><C:/Users/julie/AppData/Local/Programs/MiKTeX 2.9/f
onts/type1/public/amsfonts/cm/cmbx8.pfb><C:/Users/julie/AppData/Local/Programs/
MiKTeX 2.9/fonts/type1/public/amsfonts/cm/cmex10.pfb><C:/Users/julie/AppData/Lo
cal/Programs/MiKTeX 2.9/fonts/type1/public/amsfonts/cm/cmmi10.pfb><C:/Users/jul
ie/AppData/Local/Programs/MiKTeX 2.9/fonts/type1/public/amsfonts/cm/cmmi12.pfb>
<C:/Users/julie/AppData/Local/Programs/MiKTeX 2.9/fonts/type1/public/amsfonts/c
m/cmmi6.pfb><C:/Users/julie/AppData/Local/Programs/MiKTeX 2.9/fonts/type1/publi
c/amsfonts/cm/cmmi7.pfb><C:/Users/julie/AppData/Local/Programs/MiKTeX 2.9/fonts
/type1/public/amsfonts/cm/cmmi8.pfb><C:/Users/julie/AppData/Local/Programs/MiKT
eX 2.9/fonts/type1/public/amsfonts/cm/cmr10.pfb><C:/Users/julie/AppData/Local/P
rograms/MiKTeX 2.9/fonts/type1/public/amsfonts/cm/cmr12.pfb><C:/Users/julie/App
Data/Local/Programs/MiKTeX 2.9/fonts/type1/public/amsfonts/cm/cmr17.pfb><C:/Use
rs/julie/AppData/Local/Programs/MiKTeX 2.9/fonts/type1/public/amsfonts/cm/cmr7.
pfb><C:/Users/julie/AppData/Local/Programs/MiKTeX 2.9/fonts/type1/public/amsfon
ts/cm/cmr8.pfb><C:/Users/julie/AppData/Local/Programs/MiKTeX 2.9/fonts/type1/pu
blic/amsfonts/cm/cmss12.pfb><C:/Users/julie/AppData/Local/Programs/MiKTeX 2.9/f
onts/type1/public/amsfonts/cm/cmssbx10.pfb><C:/Users/julie/AppData/Local/Progra
ms/MiKTeX 2.9/fonts/type1/public/amsfonts/cm/cmsy10.pfb><C:/Users/julie/AppData
/Local/Programs/MiKTeX 2.9/fonts/type1/public/amsfonts/cm/cmsy8.pfb><C:/Users/j
ulie/AppData/Local/Programs/MiKTeX 2.9/fonts/type1/public/amsfonts/cm/cmti10.pf
b><C:/Users/julie/AppData/Local/Programs/MiKTeX 2.9/fonts/type1/public/amsfonts
/cm/cmti12.pfb><C:/Users/julie/AppData/Local/Programs/MiKTeX 2.9/fonts/type1/pu
blic/amsfonts/cm/cmtt12.pfb><C:/Users/julie/AppData/Local/Programs/MiKTeX 2.9/f
onts/type1/public/lm/lmss8.pfb><C:/Users/julie/AppData/Local/Programs/MiKTeX 2.
9/fonts/type1/public/lm/lmssbx10.pfb>
Output written on Thesis.pdf (95 pages, 5706981 bytes).
PDF statistics:
 1266 PDF objects out of 1440 (max. 8388607)
 278 named destinations out of 1000 (max. 500000)
 648 words of extra memory for PDF output out of 10000 (max. 10000000)

