This is pdfTeX, Version 3.14159265-2.6-1.40.21 (MiKTeX 20.6.29) (preloaded format=pdflatex 2020.8.15)  2 SEP 2020 13:06
entering extended mode
**./Thesis_restructured.tex
(Thesis_restructured.tex
LaTeX2e <2020-02-02> patch level 5
L3 programming layer <2020-06-18> (isasthesis.cls
Document Class: isasthesis 2012/03/24 The ISAS Thesis Class

("C:\Users\Steffen Joppien\AppData\Local\Programs\MiKTeX\tex/latex/base\ifthen.
sty"
Package: ifthen 2014/09/29 v1.1c Standard LaTeX ifthen package (DPC)
)
("C:\Users\Steffen Joppien\AppData\Local\Programs\MiKTeX\tex/generic/iftex\ifpd
f.sty"
Package: ifpdf 2019/10/25 v3.4 ifpdf legacy package. Use iftex instead.

("C:\Users\Steffen Joppien\AppData\Local\Programs\MiKTeX\tex/generic/iftex\ifte
x.sty"
Package: iftex 2020/03/06 v1.0d TeX engine tests
))
("C:\Users\Steffen Joppien\AppData\Local\Programs\MiKTeX\tex/latex/koma-script\
scrreprt.cls"
Document Class: scrreprt 2020/07/22 v3.31 KOMA-Script document class (report)

("C:\Users\Steffen Joppien\AppData\Local\Programs\MiKTeX\tex/latex/koma-script\
scrkbase.sty"
Package: scrkbase 2020/07/22 v3.31 KOMA-Script package (KOMA-Script-dependent b
asics and keyval usage)

("C:\Users\Steffen Joppien\AppData\Local\Programs\MiKTeX\tex/latex/koma-script\
scrbase.sty"
Package: scrbase 2020/07/22 v3.31 KOMA-Script package (KOMA-Script-independent 
basics and keyval usage)

("C:\Users\Steffen Joppien\AppData\Local\Programs\MiKTeX\tex/latex/graphics\key
val.sty"
Package: keyval 2014/10/28 v1.15 key=value parser (DPC)
\KV@toks@=\toks15
)
("C:\Users\Steffen Joppien\AppData\Local\Programs\MiKTeX\tex/latex/koma-script\
scrlfile.sty"
Package: scrlfile 2020/07/22 v3.31 KOMA-Script package (loading files)
)))
("C:\Users\Steffen Joppien\AppData\Local\Programs\MiKTeX\tex/latex/koma-script\
tocbasic.sty"
Package: tocbasic 2020/07/22 v3.31 KOMA-Script package (handling toc-files)
\scr@dte@tocline@numberwidth=\skip47
\scr@dte@tocline@numbox=\box45
)
Package tocbasic Info: babel extension for `toc' omitted
(tocbasic)             because of missing \bbl@set@language on input line 137.
Class scrreprt Info: You've used standard option `openright'.
(scrreprt)           This is correct!
(scrreprt)           Internally I'm using `open=right'.
(scrreprt)           If you'd like to set the option with \KOMAoptions,
(scrreprt)           you'd have to use `open=right' there
(scrreprt)           instead of `openright', too.
Class scrreprt Info: File `scrsize11pt.clo' used instead of
(scrreprt)           file `scrsize11.clo' to setup font sizes on input line 243
3.

("C:\Users\Steffen Joppien\AppData\Local\Programs\MiKTeX\tex/latex/koma-script\
scrsize11pt.clo"
File: scrsize11pt.clo 2020/07/22 v3.31 KOMA-Script font size class option (11pt
)
)
("C:\Users\Steffen Joppien\AppData\Local\Programs\MiKTeX\tex/latex/koma-script\
typearea.sty"
Package: typearea 2020/07/22 v3.31 KOMA-Script package (type area)
\ta@bcor=\skip48
\ta@div=\count167
\ta@hblk=\skip49
\ta@vblk=\skip50
\ta@temp=\skip51
\footheight=\skip52
Package typearea Info: These are the values describing the layout:
(typearea)             DIV  = 10
(typearea)             BCOR = 0.0pt
(typearea)             \paperwidth      = 597.50793pt
(typearea)              \textwidth      = 418.25555pt
(typearea)              DIV departure   = -6%
(typearea)              \evensidemargin = 47.2316pt
(typearea)              \oddsidemargin  = -12.5192pt
(typearea)             \paperheight     = 845.04694pt
(typearea)              \textheight     = 595.80026pt
(typearea)              \topmargin      = -25.16531pt
(typearea)              \headheight     = 17.0pt
(typearea)              \headsep        = 20.40001pt
(typearea)              \topskip        = 11.0pt
(typearea)              \footskip       = 47.6pt
(typearea)              \baselineskip   = 13.6pt
(typearea)              on input line 1739.
)
\c@part=\count168
\c@chapter=\count169
\c@section=\count170
\c@subsection=\count171
\c@subsubsection=\count172
\c@paragraph=\count173
\c@subparagraph=\count174
\scr@dte@chapter@maxnumwidth=\skip53
Class scrreprt Info: using compatibility default `afterindent=bysign'
(scrreprt)           for `\chapter on input line 5626.
\scr@dte@section@maxnumwidth=\skip54
Class scrreprt Info: using compatibility default `runin=bysign'
(scrreprt)           for `\section on input line 5637.
Class scrreprt Info: using compatibility default `afterindent=bysign'
(scrreprt)           for `\section on input line 5637.
\scr@dte@part@maxnumwidth=\skip55
Class scrreprt Info: using compatibility default `afterindent=true'
(scrreprt)           for `\part on input line 5646.
\scr@dte@subsection@maxnumwidth=\skip56
Class scrreprt Info: using compatibility default `runin=bysign'
(scrreprt)           for `\subsection on input line 5656.
Class scrreprt Info: using compatibility default `afterindent=bysign'
(scrreprt)           for `\subsection on input line 5656.
\scr@dte@subsubsection@maxnumwidth=\skip57
Class scrreprt Info: using compatibility default `runin=bysign'
(scrreprt)           for `\subsubsection on input line 5666.
Class scrreprt Info: using compatibility default `afterindent=bysign'
(scrreprt)           for `\subsubsection on input line 5666.
\scr@dte@paragraph@maxnumwidth=\skip58
Class scrreprt Info: using compatibility default `runin=bysign'
(scrreprt)           for `\paragraph on input line 5677.
Class scrreprt Info: using compatibility default `afterindent=bysign'
(scrreprt)           for `\paragraph on input line 5677.
\scr@dte@subparagraph@maxnumwidth=\skip59
Class scrreprt Info: using compatibility default `runin=bysign'
(scrreprt)           for `\subparagraph on input line 5687.
Class scrreprt Info: using compatibility default `afterindent=bysign'
(scrreprt)           for `\subparagraph on input line 5687.
\abovecaptionskip=\skip60
\belowcaptionskip=\skip61
\c@pti@nb@sid@b@x=\box46
Package tocbasic Info: babel extension for `lof' omitted
(tocbasic)             because of missing \bbl@set@language on input line 6924.

\scr@dte@figure@maxnumwidth=\skip62
\c@figure=\count175
Package tocbasic Info: babel extension for `lot' omitted
(tocbasic)             because of missing \bbl@set@language on input line 6941.

\scr@dte@table@maxnumwidth=\skip63
\c@table=\count176
Class scrreprt Info: Redefining `\numberline' on input line 7110.
\bibindent=\dimen134
) (isastextmacros.sty
Package: isastextmacros 2012/03/24 The ISAS Text Macros

("C:\Users\Steffen Joppien\AppData\Local\Programs\MiKTeX\tex/latex/caption\capt
ion.sty"
Package: caption 2020/05/30 v3.4k Customizing captions (AR)

("C:\Users\Steffen Joppien\AppData\Local\Programs\MiKTeX\tex/latex/caption\capt
ion3.sty"
Package: caption3 2020/07/20 v1.12b caption3 kernel (AR)
Package caption3 Info: TeX engine: e-TeX on input line 61.
\captionmargin=\dimen135
\captionmargin@=\dimen136
\captionwidth=\dimen137
\caption@tempdima=\dimen138
\caption@indent=\dimen139
\caption@parindent=\dimen140
\caption@hangindent=\dimen141
Package caption Info: KOMA-Script document class detected.
)
Package caption Info: KOMA-Script document class.
\c@caption@flags=\count177
\c@continuedfloat=\count178
)
("C:\Users\Steffen Joppien\AppData\Local\Programs\MiKTeX\tex/latex/caption\subc
aption.sty"
Package: subcaption 2020/01/22 v1.3d Sub-captions (AR)
\c@subfigure=\count179
\c@subtable=\count180
)
("C:\Users\Steffen Joppien\AppData\Local\Programs\MiKTeX\tex/latex/fncylab\fncy
lab.sty"

Package fncylab Warning: fncylab is not required with releases after 2019.
(fncylab)                All its functionality is now in the LaTeX kernel.

)
("C:\Users\Steffen Joppien\AppData\Local\Programs\MiKTeX\tex/latex/tools\varior
ef.sty"
Package: varioref 2020/01/23 v1.6c package for extended references (FMi)
\c@vrcnt=\count181
)
("C:\Users\Steffen Joppien\AppData\Local\Programs\MiKTeX\tex/latex/tools\theore
m.sty"
Package: theorem 2014/10/28 v2.2c Theorem extension package (FMi)
\theorem@style=\toks16
\theorem@bodyfont=\toks17
\theorempreskipamount=\skip64
\theorempostskipamount=\skip65

("C:\Users\Steffen Joppien\AppData\Local\Programs\MiKTeX\tex/latex/tools\thp.st
y"
File: thp.sty 2014/10/28 v2.2c Theorem extension package (FMi)
))
("C:\Users\Steffen Joppien\AppData\Local\Programs\MiKTeX\tex/latex/tools\tabula
rx.sty"
Package: tabularx 2020/01/15 v2.11c `tabularx' package (DPC)

("C:\Users\Steffen Joppien\AppData\Local\Programs\MiKTeX\tex/latex/tools\array.
sty"
Package: array 2019/08/31 v2.4l Tabular extension package (FMi)
\col@sep=\dimen142
\ar@mcellbox=\box47
\extrarowheight=\dimen143
\NC@list=\toks18
\extratabsurround=\skip66
\backup@length=\skip67
\ar@cellbox=\box48
)
\TX@col@width=\dimen144
\TX@old@table=\dimen145
\TX@old@col=\dimen146
\TX@target=\dimen147
\TX@delta=\dimen148
\TX@cols=\count182
\TX@ftn=\toks19
)
\c@TheoremCounter=\count183
\c@LemmaCounter=\count184
\c@Remark=\count185
\c@Definition=\count186
\c@Corollary=\count187
\c@example=\count188
\c@continueexample=\count189
\c@figuretablecounter=\count190
) (isasmathmacros.sty
Package: isasmathmacros 2012/03/24 The ISAS Math Macros

("C:\Users\Steffen Joppien\AppData\Local\Programs\MiKTeX\tex/latex/amsmath\amsm
ath.sty"
Package: amsmath 2020/01/20 v2.17e AMS math features
\@mathmargin=\skip68

For additional information on amsmath, use the `?' option.

("C:\Users\Steffen Joppien\AppData\Local\Programs\MiKTeX\tex/latex/amsmath\amst
ext.sty"
Package: amstext 2000/06/29 v2.01 AMS text

("C:\Users\Steffen Joppien\AppData\Local\Programs\MiKTeX\tex/latex/amsmath\amsg
en.sty"
File: amsgen.sty 1999/11/30 v2.0 generic functions
\@emptytoks=\toks20
\ex@=\dimen149
))
("C:\Users\Steffen Joppien\AppData\Local\Programs\MiKTeX\tex/latex/amsmath\amsb
sy.sty"
Package: amsbsy 1999/11/29 v1.2d Bold Symbols
\pmbraise@=\dimen150
)
("C:\Users\Steffen Joppien\AppData\Local\Programs\MiKTeX\tex/latex/amsmath\amso
pn.sty"
Package: amsopn 2016/03/08 v2.02 operator names
)
\inf@bad=\count191
LaTeX Info: Redefining \frac on input line 227.
\uproot@=\count192
\leftroot@=\count193
LaTeX Info: Redefining \overline on input line 389.
\classnum@=\count194
\DOTSCASE@=\count195
LaTeX Info: Redefining \ldots on input line 486.
LaTeX Info: Redefining \dots on input line 489.
LaTeX Info: Redefining \cdots on input line 610.
\Mathstrutbox@=\box49
\strutbox@=\box50
\big@size=\dimen151
LaTeX Font Info:    Redeclaring font encoding OML on input line 733.
LaTeX Font Info:    Redeclaring font encoding OMS on input line 734.
\macc@depth=\count196
\c@MaxMatrixCols=\count197
\dotsspace@=\muskip16
\c@parentequation=\count198
\dspbrk@lvl=\count199
\tag@help=\toks21
\row@=\count266
\column@=\count267
\maxfields@=\count268
\andhelp@=\toks22
\eqnshift@=\dimen152
\alignsep@=\dimen153
\tagshift@=\dimen154
\tagwidth@=\dimen155
\totwidth@=\dimen156
\lineht@=\dimen157
\@envbody=\toks23
\multlinegap=\skip69
\multlinetaggap=\skip70
\mathdisplay@stack=\toks24
LaTeX Info: Redefining \[ on input line 2859.
LaTeX Info: Redefining \] on input line 2860.
)
("C:\Users\Steffen Joppien\AppData\Local\Programs\MiKTeX\tex/latex/amsfonts\ams
symb.sty"
Package: amssymb 2013/01/14 v3.01 AMS font symbols

("C:\Users\Steffen Joppien\AppData\Local\Programs\MiKTeX\tex/latex/amsfonts\ams
fonts.sty"
Package: amsfonts 2013/01/14 v3.01 Basic AMSFonts support
\symAMSa=\mathgroup4
\symAMSb=\mathgroup5
LaTeX Font Info:    Redeclaring math symbol \hbar on input line 98.
LaTeX Font Info:    Overwriting math alphabet `\mathfrak' in version `bold'
(Font)                  U/euf/m/n --> U/euf/b/n on input line 106.
))
("C:\Users\Steffen Joppien\AppData\Local\Programs\MiKTeX\tex/latex/doublestroke
\dsfont.sty"
Package: dsfont 1995/08/01 v0.1 Double stroke roman fonts
)
("C:\Users\Steffen Joppien\AppData\Local\Programs\MiKTeX\tex/latex/mathtools\ma
thtools.sty"
Package: mathtools 2020/03/24 v1.24 mathematical typesetting tools

("C:\Users\Steffen Joppien\AppData\Local\Programs\MiKTeX\tex/latex/tools\calc.s
ty"
Package: calc 2017/05/25 v4.3 Infix arithmetic (KKT,FJ)
\calc@Acount=\count269
\calc@Bcount=\count270
\calc@Adimen=\dimen158
\calc@Bdimen=\dimen159
\calc@Askip=\skip71
\calc@Bskip=\skip72
LaTeX Info: Redefining \setlength on input line 80.
LaTeX Info: Redefining \addtolength on input line 81.
\calc@Ccount=\count271
\calc@Cskip=\skip73
)
("C:\Users\Steffen Joppien\AppData\Local\Programs\MiKTeX\tex/latex/mathtools\mh
setup.sty"
Package: mhsetup 2017/03/31 v1.3 programming setup (MH)
)
LaTeX Info: Thecontrolsequence`\('isalreadyrobust on input line 130.
LaTeX Info: Thecontrolsequence`\)'isalreadyrobust on input line 130.
LaTeX Info: Thecontrolsequence`\['isalreadyrobust on input line 130.
LaTeX Info: Thecontrolsequence`\]'isalreadyrobust on input line 130.
\g_MT_multlinerow_int=\count272
\l_MT_multwidth_dim=\dimen160
\origjot=\skip74
\l_MT_shortvdotswithinadjustabove_dim=\dimen161
\l_MT_shortvdotswithinadjustbelow_dim=\dimen162
\l_MT_above_intertext_sep=\dimen163
\l_MT_below_intertext_sep=\dimen164
\l_MT_above_shortintertext_sep=\dimen165
\l_MT_below_shortintertext_sep=\dimen166
\xmathstrut@box=\box51
\xmathstrut@dim=\dimen167
))
("C:\Users\Steffen Joppien\AppData\Local\Programs\MiKTeX\tex/latex/algorithms\a
lgorithm.sty"
Package: algorithm 2009/08/24 v0.1 Document Style `algorithm' - floating enviro
nment

("C:\Users\Steffen Joppien\AppData\Local\Programs\MiKTeX\tex/latex/float\float.
sty"
Package: float 2001/11/08 v1.3d Float enhancements (AL)
\c@float@type=\count273
\float@exts=\toks25
\float@box=\box52
\@float@everytoks=\toks26
\@floatcapt=\box53
)
\@float@every@algorithm=\toks27
\c@algorithm=\count274
)
("C:\Users\Steffen Joppien\AppData\Local\Programs\MiKTeX\tex/latex/algorithms\a
lgorithmic.sty"
Package: algorithmic 2009/08/24 v0.1 Document Style `algorithmic'
\c@ALC@unique=\count275
\c@ALC@line=\count276
\c@ALC@rem=\count277
\c@ALC@depth=\count278
\ALC@tlm=\skip75
\algorithmicindent=\skip76
)
("C:\Users\Steffen Joppien\AppData\Local\Programs\MiKTeX\tex/latex/graphics\gra
phicx.sty"
Package: graphicx 2019/11/30 v1.2a Enhanced LaTeX Graphics (DPC,SPQR)

("C:\Users\Steffen Joppien\AppData\Local\Programs\MiKTeX\tex/latex/graphics\gra
phics.sty"
Package: graphics 2019/11/30 v1.4a Standard LaTeX Graphics (DPC,SPQR)

("C:\Users\Steffen Joppien\AppData\Local\Programs\MiKTeX\tex/latex/graphics\tri
g.sty"
Package: trig 2016/01/03 v1.10 sin cos tan (DPC)
)
("C:\Users\Steffen Joppien\AppData\Local\Programs\MiKTeX\tex/latex/graphics-cfg
\graphics.cfg"
File: graphics.cfg 2016/06/04 v1.11 sample graphics configuration
)
Package graphics Info: Driver file: pdftex.def on input line 105.

("C:\Users\Steffen Joppien\AppData\Local\Programs\MiKTeX\tex/latex/graphics-def
\pdftex.def"
File: pdftex.def 2018/01/08 v1.0l Graphics/color driver for pdftex
))
\Gin@req@height=\dimen168
\Gin@req@width=\dimen169
)
("C:\Users\Steffen Joppien\AppData\Local\Programs\MiKTeX\tex/latex/graphics\col
or.sty"
Package: color 2019/11/23 v1.2a Standard LaTeX Color (DPC)

("C:\Users\Steffen Joppien\AppData\Local\Programs\MiKTeX\tex/latex/graphics-cfg
\color.cfg"
File: color.cfg 2016/01/02 v1.6 sample color configuration
)
Package color Info: Driver file: pdftex.def on input line 147.
)
("C:\Users\Steffen Joppien\AppData\Local\Programs\MiKTeX\tex/latex/hyperref\hyp
erref.sty"
Package: hyperref 2020-05-15 v7.00e Hypertext links for LaTeX

("C:\Users\Steffen Joppien\AppData\Local\Programs\MiKTeX\tex/generic/ltxcmds\lt
xcmds.sty"
Package: ltxcmds 2019/12/15 v1.24 LaTeX kernel commands for general use (HO)
)
("C:\Users\Steffen Joppien\AppData\Local\Programs\MiKTeX\tex/generic/pdftexcmds
\pdftexcmds.sty"
Package: pdftexcmds 2020-06-27 v0.33 Utility functions of pdfTeX for LuaTeX (HO
)

("C:\Users\Steffen Joppien\AppData\Local\Programs\MiKTeX\tex/generic/infwarerr\
infwarerr.sty"
Package: infwarerr 2019/12/03 v1.5 Providing info/warning/error messages (HO)
)
Package pdftexcmds Info: \pdf@primitive is available.
Package pdftexcmds Info: \pdf@ifprimitive is available.
Package pdftexcmds Info: \pdfdraftmode found.
)
("C:\Users\Steffen Joppien\AppData\Local\Programs\MiKTeX\tex/generic/kvsetkeys\
kvsetkeys.sty"
Package: kvsetkeys 2019/12/15 v1.18 Key value parser (HO)
)
("C:\Users\Steffen Joppien\AppData\Local\Programs\MiKTeX\tex/generic/kvdefineke
ys\kvdefinekeys.sty"
Package: kvdefinekeys 2019-12-19 v1.6 Define keys (HO)
)
("C:\Users\Steffen Joppien\AppData\Local\Programs\MiKTeX\tex/generic/pdfescape\
pdfescape.sty"
Package: pdfescape 2019/12/09 v1.15 Implements pdfTeX's escape features (HO)
)
("C:\Users\Steffen Joppien\AppData\Local\Programs\MiKTeX\tex/latex/hycolor\hyco
lor.sty"
Package: hycolor 2020-01-27 v1.10 Color options for hyperref/bookmark (HO)
)
("C:\Users\Steffen Joppien\AppData\Local\Programs\MiKTeX\tex/latex/letltxmacro\
letltxmacro.sty"
Package: letltxmacro 2019/12/03 v1.6 Let assignment for LaTeX macros (HO)
)
("C:\Users\Steffen Joppien\AppData\Local\Programs\MiKTeX\tex/latex/auxhook\auxh
ook.sty"
Package: auxhook 2019-12-17 v1.6 Hooks for auxiliary files (HO)
)
("C:\Users\Steffen Joppien\AppData\Local\Programs\MiKTeX\tex/latex/kvoptions\kv
options.sty"
Package: kvoptions 2019/11/29 v3.13 Key value format for package options (HO)
)
\@linkdim=\dimen170
\Hy@linkcounter=\count279
\Hy@pagecounter=\count280

("C:\Users\Steffen Joppien\AppData\Local\Programs\MiKTeX\tex/latex/hyperref\pd1
enc.def"
File: pd1enc.def 2020-05-15 v7.00e Hyperref: PDFDocEncoding definition (HO)
Now handling font encoding PD1 ...
... no UTF-8 mapping file for font encoding PD1
)
("C:\Users\Steffen Joppien\AppData\Local\Programs\MiKTeX\tex/generic/intcalc\in
tcalc.sty"
Package: intcalc 2019/12/15 v1.3 Expandable calculations with integers (HO)
)
("C:\Users\Steffen Joppien\AppData\Local\Programs\MiKTeX\tex/generic/etexcmds\e
texcmds.sty"
Package: etexcmds 2019/12/15 v1.7 Avoid name clashes with e-TeX commands (HO)
)
\Hy@SavedSpaceFactor=\count281
Package hyperref Info: Option `bookmarks' set `true' on input line 4338.
Package hyperref Info: Option `bookmarksnumbered' set `true' on input line 4338
.
Package hyperref Info: Option `hypertexnames' set `false' on input line 4338.
Package hyperref Info: Option `colorlinks' set `false' on input line 4338.
Package hyperref Info: Hyper figures OFF on input line 4464.
Package hyperref Info: Link nesting OFF on input line 4469.
Package hyperref Info: Hyper index ON on input line 4472.
Package hyperref Info: Plain pages OFF on input line 4479.
Package hyperref Info: Backreferencing OFF on input line 4484.
Package hyperref Info: Implicit mode ON; LaTeX internals redefined.
Package hyperref Info: Bookmarks ON on input line 4717.
\c@Hy@tempcnt=\count282

("C:\Users\Steffen Joppien\AppData\Local\Programs\MiKTeX\tex/latex/url\url.sty"
\Urlmuskip=\muskip17
Package: url 2013/09/16  ver 3.4  Verb mode for urls, etc.
)
LaTeX Info: Redefining \url on input line 5076.
\XeTeXLinkMargin=\dimen171

("C:\Users\Steffen Joppien\AppData\Local\Programs\MiKTeX\tex/generic/bitset\bit
set.sty"
Package: bitset 2019/12/09 v1.3 Handle bit-vector datatype (HO)

("C:\Users\Steffen Joppien\AppData\Local\Programs\MiKTeX\tex/generic/bigintcalc
\bigintcalc.sty"
Package: bigintcalc 2019/12/15 v1.5 Expandable calculations on big integers (HO
)
))
\Fld@menulength=\count283
\Field@Width=\dimen172
\Fld@charsize=\dimen173
Package hyperref Info: Hyper figures OFF on input line 6347.
Package hyperref Info: Link nesting OFF on input line 6352.
Package hyperref Info: Hyper index ON on input line 6355.
Package hyperref Info: backreferencing OFF on input line 6362.
Package hyperref Info: Link coloring OFF on input line 6367.
Package hyperref Info: Link coloring with OCG OFF on input line 6372.
Package hyperref Info: PDF/A mode OFF on input line 6377.
LaTeX Info: Redefining \ref on input line 6417.
LaTeX Info: Redefining \pageref on input line 6421.

("C:\Users\Steffen Joppien\AppData\Local\Programs\MiKTeX\tex/generic/atbegshi\a
tbegshi.sty"
Package: atbegshi 2019/12/05 v1.19 At begin shipout hook (HO)
)
\Hy@abspage=\count284
\c@Item=\count285
\c@Hfootnote=\count286
)
Package hyperref Info: Driver: hpdftex.

("C:\Users\Steffen Joppien\AppData\Local\Programs\MiKTeX\tex/latex/hyperref\hpd
ftex.def"
File: hpdftex.def 2020-05-15 v7.00e Hyperref driver for pdfTeX

("C:\Users\Steffen Joppien\AppData\Local\Programs\MiKTeX\tex/latex/atveryend\at
veryend.sty"
Package: atveryend 2019-12-11 v1.11 Hooks at the very end of document (HO)
Package atveryend Info: \enddocument detected (standard20110627).
)
\Fld@listcount=\count287
\c@bookmark@seq@number=\count288

("C:\Users\Steffen Joppien\AppData\Local\Programs\MiKTeX\tex/latex/rerunfileche
ck\rerunfilecheck.sty"
Package: rerunfilecheck 2019/12/05 v1.9 Rerun checks for auxiliary files (HO)

("C:\Users\Steffen Joppien\AppData\Local\Programs\MiKTeX\tex/generic/uniquecoun
ter\uniquecounter.sty"
Package: uniquecounter 2019/12/15 v1.4 Provide unlimited unique counter (HO)
)
Package uniquecounter Info: New unique counter `rerunfilecheck' on input line 2
86.
)
\Hy@SectionHShift=\skip77
)
("C:\Users\Steffen Joppien\AppData\Local\Programs\MiKTeX\tex/latex/oberdiek\hyp
cap.sty"
Package: hypcap 2016/05/16 v1.12 Adjusting the anchors of captions (HO)
)
("C:\Users\Steffen Joppien\AppData\Local\Programs\MiKTeX\tex/latex/abstract\abs
tract.sty"
Package: abstract 2009/06/08 v1.2a configurable abstracts
\abstitleskip=\skip78
\absleftindent=\skip79
\absrightindent=\skip80
\absparindent=\skip81
\absparsep=\skip82
)

Class scrreprt Warning: Usage of package `fancyhdr' together
(scrreprt)              with a KOMA-Script class is not recommended.
(scrreprt)              I'd suggest to use 
(scrreprt)              package `scrlayer' or `scrlayer-scrpage', because
(scrreprt)              they support KOMA-Script classes.
(scrreprt)              With `fancyhdr' several features of class `scrreprt'
(scrreprt)              like options `headsepline', `footsepline' or command
(scrreprt)              `\MakeMarkcase' and the commands `\setkomafont' and
(scrreprt)              `\addtokomafont' for the page style elements need
(scrreprt)              explicite user intervention to work.
(scrreprt)              Nevertheless, using requested
(scrreprt)              package `fancyhdr' on input line 134.


("C:\Users\Steffen Joppien\AppData\Local\Programs\MiKTeX\tex/latex/fancyhdr\fan
cyhdr.sty"
Package: fancyhdr 2019/01/31 v3.10 Extensive control of page headers and footer
s
\f@nch@headwidth=\skip83
\f@nch@O@elh=\skip84
\f@nch@O@erh=\skip85
\f@nch@O@olh=\skip86
\f@nch@O@orh=\skip87
\f@nch@O@elf=\skip88
\f@nch@O@erf=\skip89
\f@nch@O@olf=\skip90
\f@nch@O@orf=\skip91
)
\pagemarginleft=\skip92
\pagemarginright=\skip93

("C:\Users\Steffen Joppien\AppData\Local\Programs\MiKTeX\tex/latex/geometry\geo
metry.sty"
Package: geometry 2020/01/02 v5.9 Page Geometry

("C:\Users\Steffen Joppien\AppData\Local\Programs\MiKTeX\tex/generic/iftex\ifvt
ex.sty"
Package: ifvtex 2019/10/25 v1.7 ifvtex legacy package. Use iftex instead.
)
\Gm@cnth=\count289
\Gm@cntv=\count290
\c@Gm@tempcnt=\count291
\Gm@bindingoffset=\dimen174
\Gm@wd@mp=\dimen175
\Gm@odd@mp=\dimen176
\Gm@even@mp=\dimen177
\Gm@layoutwidth=\dimen178
\Gm@layoutheight=\dimen179
\Gm@layouthoffset=\dimen180
\Gm@layoutvoffset=\dimen181
\Gm@dimlist=\toks28

("C:\Users\Steffen Joppien\AppData\Local\Programs\MiKTeX\tex/latex/geometry\geo
metry.cfg"))
("C:\Users\Steffen Joppien\AppData\Local\Programs\MiKTeX\tex/latex/changepage\c
hangepage.sty"
Package: changepage 2009/10/20 v1.0c check page and change page layout
\c@cp@cntr=\count292
\cp@tempcnt=\count293
)
\footnotewidth=\skip94
)
("C:\Users\Steffen Joppien\AppData\Local\Programs\MiKTeX\tex/latex/base\inputen
c.sty"
Package: inputenc 2018/08/11 v1.3c Input encoding file
\inpenc@prehook=\toks29
\inpenc@posthook=\toks30
)
("C:\Users\Steffen Joppien\AppData\Local\Programs\MiKTeX\tex/latex/wrapfig\wrap
fig.sty"
\wrapoverhang=\dimen182
\WF@size=\dimen183
\c@WF@wrappedlines=\count294
\WF@box=\box54
\WF@everypar=\toks31
Package: wrapfig 2003/01/31  v 3.6
)
("C:\Users\Steffen Joppien\AppData\Local\Programs\MiKTeX\tex/latex/natbib\natbi
b.sty"
Package: natbib 2010/09/13 8.31b (PWD, AO)
\bibhang=\skip95
\bibsep=\skip96
LaTeX Info: Redefining \cite on input line 694.
\c@NAT@ctr=\count295
)
("C:\Users\Steffen Joppien\AppData\Local\Programs\MiKTeX\tex/latex/multirow\mul
tirow.sty"
Package: multirow 2019/05/31 v2.5 Span multiple rows of a table
\multirow@colwidth=\skip97
\multirow@cntb=\count296
\multirow@dima=\skip98
\bigstrutjot=\dimen184
)
("C:\Users\Steffen Joppien\AppData\Local\Programs\MiKTeX\tex/latex/l3backend\l3
backend-pdfmode.def"
File: l3backend-pdfmode.def 2020-06-29 L3 backend support: PDF mode
\l__kernel_color_stack_int=\count297
\l__pdf_internal_box=\box55
) (Thesis_restructured.aux)
\openout1 = `Thesis_restructured.aux'.

LaTeX Font Info:    Checking defaults for OML/cmm/m/it on input line 32.
LaTeX Font Info:    ... okay on input line 32.
LaTeX Font Info:    Checking defaults for OMS/cmsy/m/n on input line 32.
LaTeX Font Info:    ... okay on input line 32.
LaTeX Font Info:    Checking defaults for OT1/cmr/m/n on input line 32.
LaTeX Font Info:    ... okay on input line 32.
LaTeX Font Info:    Checking defaults for T1/cmr/m/n on input line 32.
LaTeX Font Info:    ... okay on input line 32.
LaTeX Font Info:    Checking defaults for TS1/cmr/m/n on input line 32.
LaTeX Font Info:    ... okay on input line 32.
LaTeX Font Info:    Checking defaults for OMX/cmex/m/n on input line 32.
LaTeX Font Info:    ... okay on input line 32.
LaTeX Font Info:    Checking defaults for U/cmr/m/n on input line 32.
LaTeX Font Info:    ... okay on input line 32.
LaTeX Font Info:    Checking defaults for PD1/pdf/m/n on input line 32.
LaTeX Font Info:    ... okay on input line 32.
Package scrbase Info: activating english \contentsname on input line 32.
Package scrbase Info: activating english \listfigurename on input line 32.
Package scrbase Info: activating english \listtablename on input line 32.
Package caption Info: Begin \AtBeginDocument code.
Package caption Info: changepage package is loaded.
\caption@adjustwidth@hsize=\dimen185
\caption@adjustwidth@linewidth=\dimen186
Package caption Info: float package is loaded.
Package caption Info: hyperref package is loaded.
Package caption Info: hypcap package is loaded.
Package caption Info: wrapfig package is loaded.
Package caption Info: End \AtBeginDocument code.

("C:\Users\Steffen Joppien\AppData\Local\Programs\MiKTeX\tex/context/base/mkii\
supp-pdf.mkii"
[Loading MPS to PDF converter (version 2006.09.02).]
\scratchcounter=\count298
\scratchdimen=\dimen187
\scratchbox=\box56
\nofMPsegments=\count299
\nofMParguments=\count300
\everyMPshowfont=\toks32
\MPscratchCnt=\count301
\MPscratchDim=\dimen188
\MPnumerator=\count302
\makeMPintoPDFobject=\count303
\everyMPtoPDFconversion=\toks33
)
("C:\Users\Steffen Joppien\AppData\Local\Programs\MiKTeX\tex/latex/epstopdf-pkg
\epstopdf-base.sty"
Package: epstopdf-base 2020-01-24 v2.11 Base part for package epstopdf
Package epstopdf-base Info: Redefining graphics rule for `.eps' on input line 4
85.
)
\AtBeginShipoutBox=\box57
Package hyperref Info: Link coloring OFF on input line 32.

("C:\Users\Steffen Joppien\AppData\Local\Programs\MiKTeX\tex/latex/hyperref\nam
eref.sty"
Package: nameref 2019/09/16 v2.46 Cross-referencing by name of section

("C:\Users\Steffen Joppien\AppData\Local\Programs\MiKTeX\tex/latex/refcount\ref
count.sty"
Package: refcount 2019/12/15 v3.6 Data extraction from label references (HO)
)
("C:\Users\Steffen Joppien\AppData\Local\Programs\MiKTeX\tex/generic/gettitlest
ring\gettitlestring.sty"
Package: gettitlestring 2019/12/15 v1.6 Cleanup title references (HO)
)
\c@section@level=\count304
LaTeX Info: Redefining \Ref on input line 520.
)
LaTeX Info: Redefining \ref on input line 32.
LaTeX Info: Redefining \pageref on input line 32.
LaTeX Info: Redefining \nameref on input line 32.
 (Thesis_restructured.out) (Thesis_restructured.out)
\@outlinefile=\write3
\openout3 = `Thesis_restructured.out'.

LaTeX Info: Redefining \Ref on input line 32.
Class scrreprt Info: loading recommended package `bookmark'.
(scrreprt)           Using `bookmark' together with `hyperref' is recommended,
(scrreprt)           because of handling of possible bookmark level gaps.
(scrreprt)           You can avoid loading `bookmark' with KOMA-Script option
(scrreprt)           `bookmarkpackage=false' before \begin{document} and
(scrreprt)           you can avoid this message adding:
(scrreprt)             \usepackage{bookmark}
(scrreprt)           before \begin{document} on input line 32.

("C:\Users\Steffen Joppien\AppData\Local\Programs\MiKTeX\tex/latex/bookmark\boo
kmark.sty"
Package: bookmark 2019/12/03 v1.28 PDF bookmarks (HO)

("C:\Users\Steffen Joppien\AppData\Local\Programs\MiKTeX\tex/latex/bookmark\bkm
-pdftex.def"
File: bkm-pdftex.def 2019/12/03 v1.28 bookmark driver for pdfTeX (HO)
Package auxhook Info: \AddLineBeginMainAux comes a little late,
(auxhook)             because the main .aux file is already opened on input lin
e 168.
\BKM@id=\count305
))
*geometry* driver: auto-detecting
*geometry* detected driver: pdftex
*geometry* verbose mode - [ preamble ] result:
* driver: pdftex
* paper: a4paper
* layout: <same size as paper>
* layoutoffset:(h,v)=(0.0pt,0.0pt)
* modes: includehead includefoot twoside 
* h-part:(L,W,R)=(71.13188pt, 426.79135pt, 99.58464pt)
* v-part:(T,H,B)=(56.9055pt, 745.46222pt, 42.67912pt)
* \paperwidth=597.50787pt
* \paperheight=845.04684pt
* \textwidth=426.79135pt
* \textheight=660.4622pt
* \oddsidemargin=-1.1381pt
* \evensidemargin=27.31465pt
* \topmargin=-15.36449pt
* \headheight=14.0pt
* \headsep=20.40001pt
* \topskip=11.0pt
* \footskip=47.6pt
* \marginparwidth=89.62619pt
* \marginparsep=12.8401pt
* \columnsep=10.0pt
* \skip\footins=10.0pt plus 4.0pt minus 2.0pt
* \hoffset=0.0pt
* \voffset=0.0pt
* \mag=1000
* \@twocolumnfalse
* \@twosidetrue
* \@mparswitchtrue
* \@reversemarginfalse
* (1in=72.27pt=25.4mm, 1cm=28.453pt)

LaTeX Font Info:    Trying to load font information for U+msa on input line 33.


("C:\Users\Steffen Joppien\AppData\Local\Programs\MiKTeX\tex/latex/amsfonts\ums
a.fd"
File: umsa.fd 2013/01/14 v3.01 AMS symbols A
)
LaTeX Font Info:    Trying to load font information for U+msb on input line 33.


("C:\Users\Steffen Joppien\AppData\Local\Programs\MiKTeX\tex/latex/amsfonts\ums
b.fd"
File: umsb.fd 2013/01/14 v3.01 AMS symbols B
)
<isasheader.pdf, id=3, 531.9875pt x 58.2175pt>
File: isasheader.pdf Graphic file (type pdf)
<use isasheader.pdf>
Package pdftex.def Info: isasheader.pdf  used on input line 33.
(pdftex.def)             Requested size: 426.79134pt x 46.7064pt.

Underfull \hbox (badness 10000) in alignment at lines 33--33
[][] 
 []

[1

{C:/Users/Steffen Joppien/AppData/Local/MiKTeX/pdftex/config/pdftex.map} <./isa
sheader.pdf>] [2


]
Underfull \hbox (badness 10000) in paragraph at lines 35--37

 []

[3


] [4


] [5] [6


] (Thesis_restructured.toc [1


])
\tf@toc=\write4
\openout4 = `Thesis_restructured.toc'.

 [2] (Thesis_restructured.lof
Overfull \hbox (1.13423pt too wide) in paragraph at lines 14--14
 [][] [][]\OT1/cmr/m/n/12 Speed de-pended phase shift be-tween mea-sure-ments a
t $50$ and $1000 \OML/cmm/m/it/12 RPM$[] [][]  
 []


Overfull \hbox (7.94585pt too wide) in paragraph at lines 24--24
 [][] [][]\OT1/cmr/m/n/12 Measured Mag-netic Sig-nals at 3 hor-i-zon-tal trans-
lated Po-si-tions, $2\OML/cmm/m/it/12 :\OT1/cmr/m/n/12 5 \OML/cmm/m/it/12 mm$ 
 []


Underfull \vbox (badness 1173) has occurred while \output is active []

 [3




]
Overfull \hbox (21.68507pt too wide) in paragraph at lines 31--31
 [][] [][]\OT1/cmr/m/n/12 Magnetic field Strength vs An-gu-lar Po-si-tion at $\
OMS/cmsy/m/n/12  \OT1/cmr/m/n/12 200 \OML/cmm/m/it/12 RPM$ \OT1/cmr/m/n/12 and 
$\OMS/cmsy/m/n/12  \OT1/cmr/m/n/12 3000 \OML/cmm/m/it/12 RPM$[] [][]  
 []

)
\tf@lof=\write5
\openout5 = `Thesis_restructured.lof'.

 [4] (notation.tex

Class scrreprt Warning: Incompatible usage of \@ssect detected.
(scrreprt)              You've used the KOMA-Script implementation of \@ssect
(scrreprt)              from within a non compatible caller, that does not
(scrreprt)              \scr@s@ct@@nn@m@ locally.
(scrreprt)              This could result in several error messages on input li
ne 7.


Class scrreprt Warning: Incompatible usage of \@ssect detected.
(scrreprt)              You've used the KOMA-Script implementation of \@ssect
(scrreprt)              from within a non compatible caller, that does not
(scrreprt)              \scr@s@ct@@nn@m@ locally.
(scrreprt)              This could result in several error messages on input li
ne 19.

) [5




] [6


]
chapter 1.

Class scrreprt Warning: \float@addtolists detected!
(scrreprt)              Implementation of \float@addtolist became
(scrreprt)              deprecated in KOMA-Script v3.01 2008/11/14 and
(scrreprt)              has been replaced by several more flexible
(scrreprt)              features of package `tocbasic`.
(scrreprt)              Since Version 3.12 support for deprecated
(scrreprt)              \float@addtolist interface has been
(scrreprt)              restricted to only some of the KOMA-Script
(scrreprt)              features and been removed from others.
(scrreprt)              Loading of package `scrhack' may help to
(scrreprt)              avoid this warning, if you are using a
(scrreprt)              a package that still implements the
(scrreprt)              deprecated \float@addtolist interface.


Underfull \hbox (badness 10000) in paragraph at lines 41--45

 []


Underfull \hbox (badness 10000) in paragraph at lines 41--45

 []


Underfull \hbox (badness 10000) in paragraph at lines 41--45

 []

[1


] [2]
chapter 2.
<figures/BLDC-Motor_1.jpg, id=317, 678.8562pt x 542.025pt>
File: figures/BLDC-Motor_1.jpg Graphic file (type jpg)
<use figures/BLDC-Motor_1.jpg>
Package pdftex.def Info: figures/BLDC-Motor_1.jpg  used on input line 50.
(pdftex.def)             Requested size: 170.71393pt x 136.2999pt.

Underfull \hbox (badness 1248) in paragraph at lines 55--56
\OT1/cmr/m/n/12 ma-nent Mag-net Syn-chronous Mo-tors
 []


Underfull \hbox (badness 10000) in paragraph at lines 55--56

 []


Underfull \hbox (badness 10000) in paragraph at lines 55--56

 []

[3


 <./figures/BLDC-Motor_1.jpg>]
Underfull \hbox (badness 10000) in paragraph at lines 59--61

 []

[4]
<figures/KF_2.jpg, id=338, 829.1778pt x 393.6306pt>
File: figures/KF_2.jpg Graphic file (type jpg)
<use figures/KF_2.jpg>
Package pdftex.def Info: figures/KF_2.jpg  used on input line 80.
(pdftex.def)             Requested size: 426.79135pt x 202.6109pt.

Underfull \hbox (badness 10000) in paragraph at lines 84--88

 []


Underfull \hbox (badness 10000) in paragraph at lines 84--88

 []


Underfull \hbox (badness 10000) in paragraph at lines 84--88

 []

[5 <./figures/KF_2.jpg>]
Underfull \hbox (badness 10000) in paragraph at lines 89--92

 []


Underfull \hbox (badness 10000) in paragraph at lines 89--92

 []

[6]
Overfull \hbox (0.20291pt too wide) detected at line 96
\OML/cmm/m/it/12 y[]\OT1/cmr/m/n/12 (\OML/cmm/m/it/12 k\OT1/cmr/m/n/12 ) + \OML
/cmm/m/it/12 a[]y[]\OT1/cmr/m/n/12 (\OML/cmm/m/it/12 k\OT1/cmr/m/n/12 ) + [] + 
\OML/cmm/m/it/12 a[]y[]\OT1/cmr/m/n/12 (\OML/cmm/m/it/12 k\OT1/cmr/m/n/12 ) = \
OML/cmm/m/it/12 b[]u[]\OT1/cmr/m/n/12 (\OML/cmm/m/it/12 k\OT1/cmr/m/n/12 ) + \O
ML/cmm/m/it/12 b[]u[]\OT1/cmr/m/n/12 (\OML/cmm/m/it/12 k\OT1/cmr/m/n/12 ) + [] 
+ \OML/cmm/m/it/12 b[]u[]\OT1/cmr/m/n/12 (\OML/cmm/m/it/12 k\OT1/cmr/m/n/12 )\O
ML/cmm/m/it/12 :
 []

<figures/identification_loop.jpg, id=358, 542.025pt x 512.66531pt>
File: figures/identification_loop.jpg Graphic file (type jpg)
<use figures/identification_loop.jpg>
Package pdftex.def Info: figures/identification_loop.jpg  used on input line 11
7.
(pdftex.def)             Requested size: 341.43437pt x 322.94955pt.

Underfull \hbox (badness 10000) in paragraph at lines 113--121

 []


Underfull \hbox (badness 10000) in paragraph at lines 113--121

 []

[7] [8 <./figures/identification_loop.jpg>]
chapter 3.

Underfull \hbox (badness 10000) in paragraph at lines 122--124

 []

<figures/hardware-setup.jpg, id=383, 661.9932pt x 165.7392pt>
File: figures/hardware-setup.jpg Graphic file (type jpg)
<use figures/hardware-setup.jpg>
Package pdftex.def Info: figures/hardware-setup.jpg  used on input line 130.
(pdftex.def)             Requested size: 426.79135pt x 106.85669pt.
<figures/HardwareBlock3.jpg, id=384, 998.22937pt x 325.96782pt>
File: figures/HardwareBlock3.jpg Graphic file (type jpg)
<use figures/HardwareBlock3.jpg>
Package pdftex.def Info: figures/HardwareBlock3.jpg  used on input line 136.
(pdftex.def)             Requested size: 426.79135pt x 139.3676pt.

Underfull \hbox (badness 10000) in paragraph at lines 125--140

 []


Underfull \hbox (badness 10000) in paragraph at lines 125--140

 []

[9


]
<figures/AnalogSensor.jpg, id=393, 272.51813pt x 252.945pt>
File: figures/AnalogSensor.jpg Graphic file (type jpg)
<use figures/AnalogSensor.jpg>
Package pdftex.def Info: figures/AnalogSensor.jpg  used on input line 144.
(pdftex.def)             Requested size: 213.39568pt x 198.06822pt.
<figures/honeywell_axes.jpg, id=396, 147.55125pt x 131.49126pt>
File: figures/honeywell_axes.jpg Graphic file (type jpg)
<use figures/honeywell_axes.jpg>
Package pdftex.def Info: figures/honeywell_axes.jpg  used on input line 151.
(pdftex.def)             Requested size: 213.39568pt x 190.17387pt.

Underfull \hbox (badness 10000) in paragraph at lines 156--158

 []

[10 <./figures/hardware-setup.jpg> <./figures/HardwareBlock3.jpg>] [11 <./figur
es/AnalogSensor.jpg> <./figures/honeywell_axes.jpg>]
Underfull \hbox (badness 10000) in paragraph at lines 159--162

 []


Underfull \hbox (badness 10000) in paragraph at lines 159--162

 []


Underfull \hbox (badness 10000) in paragraph at lines 172--175

 []

[12]
<figures/estimation-setup.jpg, id=422, 844.1136pt x 377.7312pt>
File: figures/estimation-setup.jpg Graphic file (type jpg)
<use figures/estimation-setup.jpg>
Package pdftex.def Info: figures/estimation-setup.jpg  used on input line 195.
(pdftex.def)             Requested size: 426.79135pt x 190.98618pt.

Underfull \hbox (badness 10000) in paragraph at lines 205--207

 []

[13 <./figures/estimation-setup.jpg>]
<figures/1000RPM_old_pos.jpg, id=432, 1927.2pt x 976.64874pt>
File: figures/1000RPM_old_pos.jpg Graphic file (type jpg)
<use figures/1000RPM_old_pos.jpg>
Package pdftex.def Info: figures/1000RPM_old_pos.jpg  used on input line 211.
(pdftex.def)             Requested size: 426.79135pt x 216.27911pt.
<figures/dips_1000RPM.jpg, id=433, 721.69624pt x 362.35374pt>
File: figures/dips_1000RPM.jpg Graphic file (type jpg)
<use figures/dips_1000RPM.jpg>
Package pdftex.def Info: figures/dips_1000RPM.jpg  used on input line 217.
(pdftex.def)             Requested size: 426.79135pt x 214.28447pt.
<figures/phaseshift_50_1000_2.jpg, id=434, 963.6pt x 483.2454pt>
File: figures/phaseshift_50_1000_2.jpg Graphic file (type jpg)
<use figures/phaseshift_50_1000_2.jpg>
Package pdftex.def Info: figures/phaseshift_50_1000_2.jpg  used on input line 2
23.
(pdftex.def)             Requested size: 426.79135pt x 214.02963pt.
 [14 <./figures/1000RPM_old_pos.jpg>]
[15 <./figures/dips_1000RPM.jpg> <./figures/phaseshift_50_1000_2.jpg>]
Underfull \hbox (badness 10000) in paragraph at lines 232--235

 []


Underfull \hbox (badness 10000) in paragraph at lines 232--235

 []

[16]
chapter 4.

Underfull \hbox (badness 10000) in paragraph at lines 239--240

 []


Underfull \hbox (badness 10000) in paragraph at lines 239--240

 []

<figures/dips_200.jpg, id=454, 1927.2pt x 976.64874pt>
File: figures/dips_200.jpg Graphic file (type jpg)
<use figures/dips_200.jpg>
Package pdftex.def Info: figures/dips_200.jpg  used on input line 243.
(pdftex.def)             Requested size: 426.79135pt x 216.27911pt.
<figures/MagneticFluxBLDC.jpg, id=456, 479.54156pt x 412.54124pt>
File: figures/MagneticFluxBLDC.jpg Graphic file (type jpg)
<use figures/MagneticFluxBLDC.jpg>
Package pdftex.def Info: figures/MagneticFluxBLDC.jpg  used on input line 252.
(pdftex.def)             Requested size: 341.43437pt x 293.73096pt.

Underfull \hbox (badness 10000) in paragraph at lines 247--257

 []


Underfull \hbox (badness 10000) in paragraph at lines 247--257

 []


Underfull \hbox (badness 10000) in paragraph at lines 247--257

 []

[17


]
Underfull \vbox (badness 1365) has occurred while \output is active []

 [18 <./figures/dips_200.jpg>]
Underfull \hbox (badness 10000) in paragraph at lines 259--261

 []

[19 <./figures/MagneticFluxBLDC.jpg>]
<figures/backside_position_overview_1.jpg, id=476, 554.07pt x 529.98pt>
File: figures/backside_position_overview_1.jpg Graphic file (type jpg)
<use figures/backside_position_overview_1.jpg>
Package pdftex.def Info: figures/backside_position_overview_1.jpg  used on inpu
t line 268.
(pdftex.def)             Requested size: 341.43437pt x 326.58675pt.

Underfull \hbox (badness 10000) in paragraph at lines 265--273

 []

<figures/Old_vs_Current_position.jpg, id=481, 426.8748pt x 447.1104pt>
File: figures/Old_vs_Current_position.jpg Graphic file (type jpg)
<use figures/Old_vs_Current_position.jpg>
Package pdftex.def Info: figures/Old_vs_Current_position.jpg  used on input lin
e 280.
(pdftex.def)             Requested size: 256.07741pt x 268.23419pt.
<figures/tiled_magX_vs_MagY.jpg, id=484, 1927.2pt x 976.64874pt>
File: figures/tiled_magX_vs_MagY.jpg Graphic file (type jpg)
<use figures/tiled_magX_vs_MagY.jpg>
Package pdftex.def Info: figures/tiled_magX_vs_MagY.jpg  used on input line 287
.
(pdftex.def)             Requested size: 426.79135pt x 216.27911pt.

Underfull \hbox (badness 10000) in paragraph at lines 277--292

 []

[20]
Underfull \vbox (badness 10000) has occurred while \output is active []

 [21 <./figures/backside_position_overview_1.jpg>] [22 <./figures/Old_vs_Curren
t_position.jpg> <./figures/tiled_magX_vs_MagY.jpg>]
<figures/Positions/original_translated.jpg, id=504, 960.7092pt x 449.5194pt>
File: figures/Positions/original_translated.jpg Graphic file (type jpg)
<use figures/Positions/original_translated.jpg>
Package pdftex.def Info: figures/Positions/original_translated.jpg  used on inp
ut line 298.
(pdftex.def)             Requested size: 426.79135pt x 199.69597pt.

Underfull \hbox (badness 10000) in paragraph at lines 294--303

 []

<figures/coil_distribution.jpg, id=505, 522.95375pt x 519.9425pt>
File: figures/coil_distribution.jpg Graphic file (type jpg)
<use figures/coil_distribution.jpg>
Package pdftex.def Info: figures/coil_distribution.jpg  used on input line 307.

(pdftex.def)             Requested size: 256.07741pt x 254.60745pt.
<figures/Positions/original_scheme.jpg, id=506, 623.931pt x 542.025pt>
File: figures/Positions/original_scheme.jpg Graphic file (type jpg)
<use figures/Positions/original_scheme.jpg>
Package pdftex.def Info: figures/Positions/original_scheme.jpg  used on input l
ine 314.
(pdftex.def)             Requested size: 341.43437pt x 296.61768pt.

Underfull \hbox (badness 10000) in paragraph at lines 304--321

 []


Underfull \hbox (badness 10000) in paragraph at lines 304--321

 []

[23 <./figures/Positions/original_translated.jpg>]
Underfull \hbox (badness 10000) in paragraph at lines 322--324

 []


Underfull \vbox (badness 2460) has occurred while \output is active []

 [24]
[25 <./figures/coil_distribution.jpg> <./figures/Positions/original_scheme.jpg>
]
<figures/Positions/original_translated_vertical.jpg, id=527, 960.2274pt x 783.8
886pt>
File: figures/Positions/original_translated_vertical.jpg Graphic file (type jpg
)
<use figures/Positions/original_translated_vertical.jpg>
Package pdftex.def Info: figures/Positions/original_translated_vertical.jpg  us
ed on input line 329.
(pdftex.def)             Requested size: 384.1096pt x 313.56184pt.
<figures/Positions/symmetric_pattern.jpg, id=529, 1265.72874pt x 1264.725pt>
File: figures/Positions/symmetric_pattern.jpg Graphic file (type jpg)
<use figures/Positions/symmetric_pattern.jpg>
Package pdftex.def Info: figures/Positions/symmetric_pattern.jpg  used on input
 line 337.
(pdftex.def)             Requested size: 341.43437pt x 341.15225pt.
<figures/Positions/position_one_relation.jpg, id=531, 765.0984pt x 457.71pt>
File: figures/Positions/position_one_relation.jpg Graphic file (type jpg)
<use figures/Positions/position_one_relation.jpg>
Package pdftex.def Info: figures/Positions/position_one_relation.jpg  used on i
nput line 345.
(pdftex.def)             Requested size: 426.79135pt x 255.31712pt.

Underfull \hbox (badness 10000) in paragraph at lines 334--350

 []


Underfull \hbox (badness 10000) in paragraph at lines 334--350

 []


Underfull \hbox (badness 10000) in paragraph at lines 334--350

 []

[26 <./figures/Positions/original_translated_vertical.jpg>]
Underfull \vbox (badness 10000) has occurred while \output is active []

 [27 <./figures/Positions/symmetric_pattern.jpg>] [28 <./figures/Positions/posi
tion_one_relation.jpg>]
Underfull \hbox (badness 10000) in paragraph at lines 358--361

 []


Underfull \hbox (badness 10000) in paragraph at lines 358--361

 []

[29] [30


]
chapter 5.
[31]
Underfull \hbox (badness 10000) in paragraph at lines 371--373

 []

<figures/Time_200rpm.jpg, id=563, 2264.46pt x 1340.00626pt>
File: figures/Time_200rpm.jpg Graphic file (type jpg)
<use figures/Time_200rpm.jpg>
Package pdftex.def Info: figures/Time_200rpm.jpg  used on input line 384.
(pdftex.def)             Requested size: 426.79135pt x 252.5387pt.
<figures/Angle_200rpm.jpg, id=564, 1927.2pt x 966.61125pt>
File: figures/Angle_200rpm.jpg Graphic file (type jpg)
<use figures/Angle_200rpm.jpg>
Package pdftex.def Info: figures/Angle_200rpm.jpg  used on input line 391.
(pdftex.def)             Requested size: 426.79135pt x 214.0563pt.
<figures/phaseshift_200_3000_1.jpg, id=566, 963.6pt x 483.2454pt>
File: figures/phaseshift_200_3000_1.jpg Graphic file (type jpg)
<use figures/phaseshift_200_3000_1.jpg>
Package pdftex.def Info: figures/phaseshift_200_3000_1.jpg  used on input line 
400.
(pdftex.def)             Requested size: 426.79135pt x 214.02963pt.
<figures/phaseshift_neg_200_3000.jpg, id=567, 1927.2pt x 976.64874pt>
File: figures/phaseshift_neg_200_3000.jpg Graphic file (type jpg)
<use figures/phaseshift_neg_200_3000.jpg>
Package pdftex.def Info: figures/phaseshift_neg_200_3000.jpg  used on input lin
e 407.
(pdftex.def)             Requested size: 426.79135pt x 216.27911pt.

Underfull \hbox (badness 10000) in paragraph at lines 397--415

 []


Underfull \hbox (badness 10000) in paragraph at lines 397--415

 []

[32] [33 <./figures/Time_200rpm.jpg> <./figures/Angle_200rpm.jpg>]
<figures/coilless_signal_overview.jpg, id=581, 1927.2pt x 966.61125pt>
File: figures/coilless_signal_overview.jpg Graphic file (type jpg)
<use figures/coilless_signal_overview.jpg>
Package pdftex.def Info: figures/coilless_signal_overview.jpg  used on input li
ne 424.
(pdftex.def)             Requested size: 426.79135pt x 214.0563pt.
<figures/coilles_phase_shift.jpg, id=582, 1927.2pt x 966.61125pt>
File: figures/coilles_phase_shift.jpg Graphic file (type jpg)
<use figures/coilles_phase_shift.jpg>
Package pdftex.def Info: figures/coilles_phase_shift.jpg  used on input line 43
1.
(pdftex.def)             Requested size: 426.79135pt x 214.0563pt.

Underfull \hbox (badness 10000) in paragraph at lines 421--438

 []

[34 <./figures/phaseshift_200_3000_1.jpg>] [35 <./figures/phaseshift_neg_200_30
00.jpg>]
Underfull \hbox (badness 10000) in paragraph at lines 445--450

 []


Underfull \hbox (badness 10000) in paragraph at lines 445--450

 []


Underfull \hbox (badness 10000) in paragraph at lines 445--450

 []

[36 <./figures/coilless_signal_overview.jpg>]
Underfull \hbox (badness 10000) in paragraph at lines 455--457

 []


Underfull \vbox (badness 2495) has occurred while \output is active []

 [37 <./figures/coilles_phase_shift.jpg>]
Underfull \hbox (badness 10000) in paragraph at lines 473--476

 []

[38]
<figures/block_diagram_sampling.jpg, id=615, 829.1778pt x 335.3328pt>
File: figures/block_diagram_sampling.jpg Graphic file (type jpg)
<use figures/block_diagram_sampling.jpg>
Package pdftex.def Info: figures/block_diagram_sampling.jpg  used on input line
 485.
(pdftex.def)             Requested size: 426.79135pt x 172.60365pt.
<figures/input_output_time_final_1.jpg, id=618, 936.1374pt x 695.7192pt>
File: figures/input_output_time_final_1.jpg Graphic file (type jpg)
<use figures/input_output_time_final_1.jpg>
Package pdftex.def Info: figures/input_output_time_final_1.jpg  used on input l
ine 493.
(pdftex.def)             Requested size: 426.79135pt x 317.17905pt.

Underfull \hbox (badness 10000) in paragraph at lines 481--499

 []


Underfull \hbox (badness 10000) in paragraph at lines 481--499

 []

<figures/block_diagram_convolution.jpg, id=621, 341.1144pt x 83.8332pt>
File: figures/block_diagram_convolution.jpg Graphic file (type jpg)
<use figures/block_diagram_convolution.jpg>
Package pdftex.def Info: figures/block_diagram_convolution.jpg  used on input l
ine 503.
(pdftex.def)             Requested size: 341.43437pt x 83.91612pt.

Underfull \hbox (badness 10000) in paragraph at lines 500--509

 []


Underfull \vbox (badness 10000) has occurred while \output is active []

 [39 <./figures/block_diagram_sampling.jpg>] [40 <./figures/input_output_time_f
inal_1.jpg>]
<figures/bode.jpg, id=635, 1927.2pt x 966.61125pt>
File: figures/bode.jpg Graphic file (type jpg)
<use figures/bode.jpg>
Package pdftex.def Info: figures/bode.jpg  used on input line 526.
(pdftex.def)             Requested size: 423.98532pt x 212.65514pt.
<figures/bode_reference.jpg, id=636, 289.08pt x 215.80624pt>
File: figures/bode_reference.jpg Graphic file (type jpg)
<use figures/bode_reference.jpg>
Package pdftex.def Info: figures/bode_reference.jpg  used on input line 533.
(pdftex.def)             Requested size: 426.79135pt x 318.62756pt.

Underfull \hbox (badness 10000) in paragraph at lines 519--539

 []


Underfull \hbox (badness 10000) in paragraph at lines 519--539

 []


Underfull \hbox (badness 10000) in paragraph at lines 519--539

 []


Underfull \hbox (badness 10000) in paragraph at lines 519--539

 []

[41 <./figures/block_diagram_convolution.jpg>] [42] [43 <./figures/bode.jpg> <.
/figures/bode_reference.jpg>] [44


]
chapter 6.

Underfull \hbox (badness 10000) in paragraph at lines 540--542

 []

<figures/sensor_system_online.jpg, id=659, 909.6384pt x 410.4936pt>
File: figures/sensor_system_online.jpg Graphic file (type jpg)
<use figures/sensor_system_online.jpg>
Package pdftex.def Info: figures/sensor_system_online.jpg  used on input line 5
50.
(pdftex.def)             Requested size: 426.79135pt x 192.60004pt.

Underfull \hbox (badness 10000) in paragraph at lines 546--556

 []


Underfull \hbox (badness 10000) in paragraph at lines 546--556

 []

[45]
<figures/deconvolution_system.jpg, id=664, 787.743pt x 234.6366pt>
File: figures/deconvolution_system.jpg Graphic file (type jpg)
<use figures/deconvolution_system.jpg>
Package pdftex.def Info: figures/deconvolution_system.jpg  used on input line 5
64.
(pdftex.def)             Requested size: 426.79135pt x 127.12434pt.

Underfull \hbox (badness 10000) in paragraph at lines 561--571

 []

[46 <./figures/sensor_system_online.jpg>]
Underfull \hbox (badness 10000) in paragraph at lines 574--576

 []

[47 <./figures/deconvolution_system.jpg>]
Underfull \hbox (badness 10000) in paragraph at lines 585--587

 []

[48]
<figures/offline_sid_1.png, id=691, 864.22874pt x 994.71625pt>
File: figures/offline_sid_1.png Graphic file (type png)
<use figures/offline_sid_1.png>
Package pdftex.def Info: figures/offline_sid_1.png  used on input line 593.
(pdftex.def)             Requested size: 426.79135pt x 491.22495pt.

Underfull \hbox (badness 10000) in paragraph at lines 590--599

 []


Underfull \hbox (badness 10000) in paragraph at lines 600--602

 []

[49] [50 <./figures/offline_sid_1.png>]
Underfull \hbox (badness 10000) in paragraph at lines 614--617

 []

[51]
Underfull \hbox (badness 10000) in paragraph at lines 629--632

 []

[52]
Underfull \hbox (badness 10000) in paragraph at lines 636--639

 []

[53] [54


]
chapter 7.

Underfull \hbox (badness 10000) in paragraph at lines 643--646

 []

[55]
Underfull \hbox (badness 10000) in paragraph at lines 655--696

 []


Underfull \hbox (badness 10000) in paragraph at lines 655--696

 []

[56] [57]
Underfull \hbox (badness 10000) in paragraph at lines 697--725

 []


Underfull \hbox (badness 10000) in paragraph at lines 697--725

 []

[58]
<figures/curve_tube.jpg, id=770, 915.9018pt x 718.3638pt>
File: figures/curve_tube.jpg Graphic file (type jpg)
<use figures/curve_tube.jpg>
Package pdftex.def Info: figures/curve_tube.jpg  used on input line 730.
(pdftex.def)             Requested size: 426.79135pt x 334.7482pt.
<figures/curve_tube_n4sid.jpg, id=771, 915.9018pt x 718.3638pt>
File: figures/curve_tube_n4sid.jpg Graphic file (type jpg)
<use figures/curve_tube_n4sid.jpg>
Package pdftex.def Info: figures/curve_tube_n4sid.jpg  used on input line 737.
(pdftex.def)             Requested size: 426.79135pt x 334.7482pt.
<figures/curve_multiple_SRIVC_position.jpg, id=772, 1927.2pt x 976.64874pt>
File: figures/curve_multiple_SRIVC_position.jpg Graphic file (type jpg)
<use figures/curve_multiple_SRIVC_position.jpg>
Package pdftex.def Info: figures/curve_multiple_SRIVC_position.jpg  used on inp
ut line 743.
(pdftex.def)             Requested size: 426.79135pt x 216.27911pt.

Underfull \hbox (badness 10000) in paragraph at lines 726--749

 []


Underfull \hbox (badness 10000) in paragraph at lines 726--749

 []


Underfull \hbox (badness 10000) in paragraph at lines 726--749

 []

[59] [60 <./figures/curve_tube.jpg>] [61 <./figures/curve_tube_n4sid.jpg> <./fi
gures/curve_multiple_SRIVC_position.jpg>]
Underfull \hbox (badness 10000) in paragraph at lines 750--752

 []

<figures/noisy_speed.jpg, id=789, 1927.2pt x 976.64874pt>
File: figures/noisy_speed.jpg Graphic file (type jpg)
<use figures/noisy_speed.jpg>
Package pdftex.def Info: figures/noisy_speed.jpg  used on input line 773.
(pdftex.def)             Requested size: 426.79135pt x 216.27911pt.

Underfull \hbox (badness 10000) in paragraph at lines 753--794

 []


Underfull \hbox (badness 10000) in paragraph at lines 753--794

 []

[62]
Overfull \hbox (1.18602pt too wide) in paragraph at lines 805--819
[][] 
 []


Overfull \hbox (1.18602pt too wide) in paragraph at lines 823--837
[][] 
 []


Overfull \hbox (1.18602pt too wide) in paragraph at lines 843--855
[][] 
 []


Underfull \hbox (badness 10000) in paragraph at lines 801--870

 []


Underfull \hbox (badness 10000) in paragraph at lines 801--870

 []

[63] [64 <./figures/noisy_speed.jpg>]
Underfull \hbox (badness 10000) in paragraph at lines 872--887

 []


Underfull \hbox (badness 10000) in paragraph at lines 872--887

 []


Underfull \vbox (badness 10000) has occurred while \output is active []

 [65]
[66] [67] [68]
chapter 8.

Underfull \hbox (badness 10000) in paragraph at lines 888--890

 []


Underfull \hbox (badness 10000) in paragraph at lines 894--900

 []


Underfull \hbox (badness 10000) in paragraph at lines 894--900

 []


Underfull \hbox (badness 10000) in paragraph at lines 894--900

 []


Underfull \hbox (badness 10000) in paragraph at lines 894--900

 []


Underfull \hbox (badness 10000) in paragraph at lines 894--900

 []

[69


] (Thesis_restructured.bbl [70]
Underfull \hbox (badness 10000) in paragraph at lines 10--14
[]$\OT1/cmtt/m/n/12 https : / / aerospace . honeywell . com / content / dam / a
ero / en-[]us / documents /
 []


Underfull \hbox (badness 1199) in paragraph at lines 16--20
[]\OT1/cmr/m/n/12 Honeywell.  3-axis dig-i-tal com-pass ic hmc5883l.  []$\OT1/c
mtt/m/n/12 https : / / github . com /
 []


Underfull \hbox (badness 10000) in paragraph at lines 16--20
\OT1/cmtt/m/n/12 TinyCircuits / TinyCircuits-[]TinyShield-[]Compass-[]ASD2613 /
 raw / master /
 []

[71


]
Underfull \hbox (badness 10000) in paragraph at lines 130--135
[]\OT1/cmr/m/n/12 Hristo Zhivom-irov.  Am-pli-tude ra-tio mea-sure-ment with ma
t-
 []


Underfull \hbox (badness 10000) in paragraph at lines 130--135
\OT1/cmr/m/n/12 lab.  []$\OT1/cmtt/m/n/12 https : / / www . mathworks . com / m
atlabcentral / fileexchange /
 []

)
Package atveryend Info: Empty hook `BeforeClearDocument' on input line 903.
 [72]
Package atveryend Info: Empty hook `AfterLastShipout' on input line 903.
 (Thesis_restructured.aux)
Package atveryend Info: Executing hook `AtVeryEndDocument' on input line 903.
Package atveryend Info: Executing hook `AtEndAfterFileList' on input line 903.
Package rerunfilecheck Info: File `Thesis_restructured.out' has not changed.
(rerunfilecheck)             Checksum: D41D8CD98F00B204E9800998ECF8427E;0.
Package atveryend Info: Empty hook `AtVeryVeryEnd' on input line 903.
 ) 
Here is how much of TeX's memory you used:
 14225 strings out of 480790
 243683 string characters out of 2892577
 648766 words of memory out of 3000000
 29679 multiletter control sequences out of 15000+200000
 548199 words of font info for 82 fonts, out of 3000000 for 9000
 1141 hyphenation exceptions out of 8191
 57i,17n,76p,10622b,449s stack positions out of 5000i,500n,10000p,200000b,50000s
<C:/Users/Steffen Joppien/AppData/Local/Programs/MiKTeX/fonts/type1/public/am
sfonts/cm/cmbx10.pfb><C:/Users/Steffen Joppien/AppData/Local/Programs/MiKTeX/fo
nts/type1/public/amsfonts/cm/cmbx12.pfb><C:/Users/Steffen Joppien/AppData/Local
/Programs/MiKTeX/fonts/type1/public/amsfonts/cm/cmbx8.pfb><C:/Users/Steffen Jop
pien/AppData/Local/Programs/MiKTeX/fonts/type1/public/amsfonts/cm/cmex10.pfb><C
:/Users/Steffen Joppien/AppData/Local/Programs/MiKTeX/fonts/type1/public/amsfon
ts/cm/cmmi10.pfb><C:/Users/Steffen Joppien/AppData/Local/Programs/MiKTeX/fonts/
type1/public/amsfonts/cm/cmmi12.pfb><C:/Users/Steffen Joppien/AppData/Local/Pro
grams/MiKTeX/fonts/type1/public/amsfonts/cm/cmmi6.pfb><C:/Users/Steffen Joppien
/AppData/Local/Programs/MiKTeX/fonts/type1/public/amsfonts/cm/cmmi7.pfb><C:/Use
rs/Steffen Joppien/AppData/Local/Programs/MiKTeX/fonts/type1/public/amsfonts/cm
/cmmi8.pfb><C:/Users/Steffen Joppien/AppData/Local/Programs/MiKTeX/fonts/type1/
public/amsfonts/cm/cmr10.pfb><C:/Users/Steffen Joppien/AppData/Local/Programs/M
iKTeX/fonts/type1/public/amsfonts/cm/cmr12.pfb><C:/Users/Steffen Joppien/AppDat
a/Local/Programs/MiKTeX/fonts/type1/public/amsfonts/cm/cmr17.pfb><C:/Users/Stef
fen Joppien/AppData/Local/Programs/MiKTeX/fonts/type1/public/amsfonts/cm/cmr7.p
fb><C:/Users/Steffen Joppien/AppData/Local/Programs/MiKTeX/fonts/type1/public/a
msfonts/cm/cmr8.pfb><C:/Users/Steffen Joppien/AppData/Local/Programs/MiKTeX/fon
ts/type1/public/amsfonts/cm/cmss12.pfb><C:/Users/Steffen Joppien/AppData/Local/
Programs/MiKTeX/fonts/type1/public/amsfonts/cm/cmssbx10.pfb><C:/Users/Steffen J
oppien/AppData/Local/Programs/MiKTeX/fonts/type1/public/amsfonts/cm/cmsy10.pfb>
<C:/Users/Steffen Joppien/AppData/Local/Programs/MiKTeX/fonts/type1/public/amsf
onts/cm/cmsy7.pfb><C:/Users/Steffen Joppien/AppData/Local/Programs/MiKTeX/fonts
/type1/public/amsfonts/cm/cmsy8.pfb><C:/Users/Steffen Joppien/AppData/Local/Pro
grams/MiKTeX/fonts/type1/public/amsfonts/cm/cmti10.pfb><C:/Users/Steffen Joppie
n/AppData/Local/Programs/MiKTeX/fonts/type1/public/amsfonts/cm/cmti12.pfb><C:/U
sers/Steffen Joppien/AppData/Local/Programs/MiKTeX/fonts/type1/public/amsfonts/
cm/cmtt12.pfb><C:/Users/Steffen Joppien/AppData/Local/Programs/MiKTeX/fonts/typ
e1/public/lm/lmss8.pfb><C:/Users/Steffen Joppien/AppData/Local/Programs/MiKTeX/
fonts/type1/public/lm/lmssbx10.pfb><C:/Users/Steffen Joppien/AppData/Local/Prog
rams/MiKTeX/fonts/type1/public/amsfonts/symbols/msam10.pfb>
Output written on Thesis_restructured.pdf (84 pages, 5281392 bytes).
PDF statistics:
 1144 PDF objects out of 1200 (max. 8388607)
 256 named destinations out of 1000 (max. 500000)
 590 words of extra memory for PDF output out of 10000 (max. 10000000)

